{"/home/travis/build/npmtest/node-npmtest-steam-user/test.js":{"path":"/home/travis/build/npmtest/node-npmtest-steam-user/test.js","s":{"1":2,"2":2,"3":2,"4":2,"5":2,"6":2,"7":2,"8":1,"9":2,"10":2,"11":1,"12":1,"13":1,"14":1,"15":2,"16":2,"17":2,"18":2,"19":1,"20":1,"21":2,"22":2,"23":2,"24":1,"25":1,"26":1,"27":1,"28":1,"29":1,"30":1,"31":1,"32":1,"33":1,"34":1,"35":1,"36":1,"37":1,"38":1,"39":2,"40":2,"41":1,"42":2,"43":2,"44":1,"45":2,"46":2,"47":1,"48":2,"49":2,"50":1,"51":1,"52":1,"53":1,"54":1},"b":{"1":[2,1,1,1],"2":[1,1,1,1],"3":[1,1],"4":[1,1],"5":[1,1],"6":[1,1],"7":[1,1],"8":[1,1],"9":[1,1],"10":[1,1,1],"11":[1,1],"12":[1,1],"13":[1,1],"14":[1,1],"15":[1,1],"16":[1,1],"17":[1,1]},"f":{"1":2,"2":2,"3":2,"4":2,"5":2,"6":1,"7":1,"8":1,"9":2,"10":2,"11":2,"12":2,"13":1},"fnMap":{"1":{"name":"(anonymous_1)","line":12,"loc":{"start":{"line":12,"column":1},"end":{"line":12,"column":13}}},"2":{"name":"(anonymous_2)","line":19,"loc":{"start":{"line":19,"column":5},"end":{"line":19,"column":17}}},"3":{"name":"(anonymous_3)","line":23,"loc":{"start":{"line":23,"column":24},"end":{"line":23,"column":36}}},"4":{"name":"(anonymous_4)","line":61,"loc":{"start":{"line":61,"column":5},"end":{"line":61,"column":17}}},"5":{"name":"(anonymous_5)","line":82,"loc":{"start":{"line":82,"column":5},"end":{"line":82,"column":17}}},"6":{"name":"(anonymous_6)","line":91,"loc":{"start":{"line":91,"column":77},"end":{"line":94,"column":10}}},"7":{"name":"(anonymous_7)","line":112,"loc":{"start":{"line":112,"column":83},"end":{"line":115,"column":10}},"skip":true},"8":{"name":"(anonymous_8)","line":123,"loc":{"start":{"line":123,"column":77},"end":{"line":126,"column":10}},"skip":true},"9":{"name":"(anonymous_9)","line":139,"loc":{"start":{"line":139,"column":12},"end":{"line":139,"column":40}},"skip":true},"10":{"name":"(anonymous_10)","line":147,"loc":{"start":{"line":147,"column":77},"end":{"line":150,"column":10}},"skip":true},"11":{"name":"(anonymous_11)","line":158,"loc":{"start":{"line":158,"column":83},"end":{"line":161,"column":10}},"skip":true},"12":{"name":"(anonymous_12)","line":169,"loc":{"start":{"line":169,"column":79},"end":{"line":172,"column":10}},"skip":true},"13":{"name":"(anonymous_13)","line":180,"loc":{"start":{"line":180,"column":75},"end":{"line":183,"column":10}},"skip":true}},"statementMap":{"1":{"start":{"line":12,"column":0},"end":{"line":195,"column":5}},"2":{"start":{"line":14,"column":4},"end":{"line":14,"column":14}},"3":{"start":{"line":19,"column":4},"end":{"line":56,"column":9}},"4":{"start":{"line":21,"column":8},"end":{"line":21,"column":19}},"5":{"start":{"line":23,"column":8},"end":{"line":35,"column":13}},"6":{"start":{"line":24,"column":12},"end":{"line":34,"column":13}},"7":{"start":{"line":25,"column":16},"end":{"line":28,"column":30}},"8":{"start":{"line":30,"column":16},"end":{"line":33,"column":27}},"9":{"start":{"line":37,"column":8},"end":{"line":39,"column":21}},"10":{"start":{"line":40,"column":8},"end":{"line":53,"column":9}},"11":{"start":{"line":43,"column":12},"end":{"line":46,"column":14}},"12":{"start":{"line":47,"column":12},"end":{"line":47,"column":18}},"13":{"start":{"line":50,"column":12},"end":{"line":51,"column":33}},"14":{"start":{"line":52,"column":12},"end":{"line":52,"column":18}},"15":{"start":{"line":55,"column":8},"end":{"line":55,"column":35}},"16":{"start":{"line":61,"column":4},"end":{"line":63,"column":9}},"17":{"start":{"line":62,"column":8},"end":{"line":62,"column":15}},"18":{"start":{"line":64,"column":4},"end":{"line":77,"column":5}},"19":{"start":{"line":70,"column":8},"end":{"line":70,"column":14}},"20":{"start":{"line":76,"column":8},"end":{"line":76,"column":14}},"21":{"start":{"line":82,"column":4},"end":{"line":84,"column":9}},"22":{"start":{"line":83,"column":8},"end":{"line":83,"column":15}},"23":{"start":{"line":85,"column":4},"end":{"line":194,"column":5}},"24":{"start":{"line":91,"column":8},"end":{"line":99,"column":10}},"25":{"start":{"line":98,"column":12},"end":{"line":98,"column":35}},"26":{"start":{"line":102,"column":8},"end":{"line":104,"column":63}},"27":{"start":{"line":105,"column":8},"end":{"line":105,"column":14}},"28":{"start":{"line":112,"column":8},"end":{"line":121,"column":10},"skip":true},"29":{"start":{"line":119,"column":12},"end":{"line":119,"column":55},"skip":true},"30":{"start":{"line":120,"column":12},"end":{"line":120,"column":48},"skip":true},"31":{"start":{"line":123,"column":8},"end":{"line":136,"column":10},"skip":true},"32":{"start":{"line":130,"column":12},"end":{"line":130,"column":76},"skip":true},"33":{"start":{"line":131,"column":12},"end":{"line":131,"column":73},"skip":true},"34":{"start":{"line":132,"column":12},"end":{"line":132,"column":74},"skip":true},"35":{"start":{"line":133,"column":12},"end":{"line":133,"column":79},"skip":true},"36":{"start":{"line":134,"column":12},"end":{"line":134,"column":25},"skip":true},"37":{"start":{"line":135,"column":12},"end":{"line":135,"column":45},"skip":true},"38":{"start":{"line":138,"column":8},"end":{"line":145,"column":14},"skip":true},"39":{"start":{"line":143,"column":16},"end":{"line":143,"column":29},"skip":true},"40":{"start":{"line":144,"column":16},"end":{"line":144,"column":55},"skip":true},"41":{"start":{"line":147,"column":8},"end":{"line":156,"column":10},"skip":true},"42":{"start":{"line":154,"column":12},"end":{"line":154,"column":25},"skip":true},"43":{"start":{"line":155,"column":12},"end":{"line":155,"column":45},"skip":true},"44":{"start":{"line":158,"column":8},"end":{"line":167,"column":10},"skip":true},"45":{"start":{"line":165,"column":12},"end":{"line":165,"column":25},"skip":true},"46":{"start":{"line":166,"column":12},"end":{"line":166,"column":48},"skip":true},"47":{"start":{"line":169,"column":8},"end":{"line":178,"column":10},"skip":true},"48":{"start":{"line":176,"column":12},"end":{"line":176,"column":25},"skip":true},"49":{"start":{"line":177,"column":12},"end":{"line":177,"column":46},"skip":true},"50":{"start":{"line":180,"column":8},"end":{"line":189,"column":10},"skip":true},"51":{"start":{"line":187,"column":12},"end":{"line":187,"column":94},"skip":true},"52":{"start":{"line":188,"column":12},"end":{"line":188,"column":48},"skip":true},"53":{"start":{"line":192,"column":8},"end":{"line":192,"column":35},"skip":true},"54":{"start":{"line":193,"column":8},"end":{"line":193,"column":14},"skip":true}},"branchMap":{"1":{"line":25,"type":"binary-expr","locations":[{"start":{"line":25,"column":23},"end":{"line":25,"column":62}},{"start":{"line":26,"column":20},"end":{"line":26,"column":70}},{"start":{"line":27,"column":20},"end":{"line":27,"column":71}},{"start":{"line":28,"column":20},"end":{"line":28,"column":29}}]},"2":{"line":30,"type":"binary-expr","locations":[{"start":{"line":30,"column":23},"end":{"line":30,"column":37}},{"start":{"line":31,"column":20},"end":{"line":31,"column":61}},{"start":{"line":32,"column":20},"end":{"line":32,"column":70}},{"start":{"line":33,"column":20},"end":{"line":33,"column":26}}]},"3":{"line":37,"type":"cond-expr","locations":[{"start":{"line":38,"column":14},"end":{"line":38,"column":20}},{"start":{"line":39,"column":14},"end":{"line":39,"column":20}}]},"4":{"line":40,"type":"switch","locations":[{"start":{"line":42,"column":8},"end":{"line":47,"column":18}},{"start":{"line":49,"column":8},"end":{"line":52,"column":18}}]},"5":{"line":44,"type":"binary-expr","locations":[{"start":{"line":44,"column":16},"end":{"line":44,"column":44}},{"start":{"line":44,"column":48},"end":{"line":44,"column":66}}]},"6":{"line":50,"type":"binary-expr","locations":[{"start":{"line":50,"column":21},"end":{"line":50,"column":49}},{"start":{"line":50,"column":53},"end":{"line":50,"column":72}}]},"7":{"line":64,"type":"switch","locations":[{"start":{"line":69,"column":4},"end":{"line":70,"column":14}},{"start":{"line":75,"column":4},"end":{"line":76,"column":14}}]},"8":{"line":85,"type":"switch","locations":[{"start":{"line":90,"column":4},"end":{"line":105,"column":14}},{"start":{"line":111,"column":4},"end":{"line":193,"column":14},"skip":true}]},"9":{"line":91,"type":"binary-expr","locations":[{"start":{"line":91,"column":42},"end":{"line":91,"column":73}},{"start":{"line":91,"column":77},"end":{"line":99,"column":9}}]},"10":{"line":102,"type":"binary-expr","locations":[{"start":{"line":102,"column":18},"end":{"line":102,"column":32}},{"start":{"line":103,"column":12},"end":{"line":103,"column":53}},{"start":{"line":104,"column":12},"end":{"line":104,"column":61}}]},"11":{"line":112,"type":"binary-expr","locations":[{"start":{"line":112,"column":45},"end":{"line":112,"column":79},"skip":true},{"start":{"line":112,"column":83},"end":{"line":121,"column":9},"skip":true}]},"12":{"line":123,"type":"binary-expr","locations":[{"start":{"line":123,"column":42},"end":{"line":123,"column":73},"skip":true},{"start":{"line":123,"column":77},"end":{"line":136,"column":9},"skip":true}]},"13":{"line":138,"type":"binary-expr","locations":[{"start":{"line":138,"column":48},"end":{"line":138,"column":85},"skip":true},{"start":{"line":139,"column":12},"end":{"line":145,"column":13},"skip":true}]},"14":{"line":147,"type":"binary-expr","locations":[{"start":{"line":147,"column":42},"end":{"line":147,"column":73},"skip":true},{"start":{"line":147,"column":77},"end":{"line":156,"column":9},"skip":true}]},"15":{"line":158,"type":"binary-expr","locations":[{"start":{"line":158,"column":45},"end":{"line":158,"column":79},"skip":true},{"start":{"line":158,"column":83},"end":{"line":167,"column":9},"skip":true}]},"16":{"line":169,"type":"binary-expr","locations":[{"start":{"line":169,"column":43},"end":{"line":169,"column":75},"skip":true},{"start":{"line":169,"column":79},"end":{"line":178,"column":9},"skip":true}]},"17":{"line":180,"type":"binary-expr","locations":[{"start":{"line":180,"column":41},"end":{"line":180,"column":71},"skip":true},{"start":{"line":180,"column":75},"end":{"line":189,"column":9},"skip":true}]}},"code":["/* istanbul instrument in package npmtest_steam_user */","/*jslint","    bitwise: true,","    browser: true,","    maxerr: 8,","    maxlen: 96,","    node: true,","    nomen: true,","    regexp: true,","    stupid: true","*/","(function () {","    'use strict';","    var local;","","","","    // run shared js-env code - init-before","    (function () {","        // init local","        local = {};","        // init modeJs","        local.modeJs = (function () {","            try {","                return typeof navigator.userAgent === 'string' &&","                    typeof document.querySelector('body') === 'object' &&","                    typeof XMLHttpRequest.prototype.open === 'function' &&","                    'browser';","            } catch (errorCaughtBrowser) {","                return module.exports &&","                    typeof process.versions.node === 'string' &&","                    typeof require('http').createServer === 'function' &&","                    'node';","            }","        }());","        // init global","        local.global = local.modeJs === 'browser'","            ? window","            : global;","        switch (local.modeJs) {","        // re-init local from window.local","        case 'browser':","            local = local.global.utility2.objectSetDefault(","                local.global.utility2_rollup || local.global.local,","                local.global.utility2","            );","            break;","        // re-init local from example.js","        case 'node':","            local = (local.global.utility2_rollup || require('utility2'))","                .requireReadme();","            break;","        }","        // export local","        local.global.local = local;","    }());","","","","    // run shared js-env code - function","    (function () {","        return;","    }());","    switch (local.modeJs) {","","","","    // run browser js-env code - function","    case 'browser':","        break;","","","","    // run node js-env code - function","    case 'node':","        break;","    }","","","","    // run shared js-env code - init-after","    (function () {","        return;","    }());","    switch (local.modeJs) {","","","","    // run browser js-env code - init-after","    case 'browser':","        local.testCase_browser_nullCase = local.testCase_browser_nullCase || function (","            options,","            onError","        ) {","        /*","         * this function will test browsers's null-case handling-behavior-behavior","         */","            onError(null, options);","        };","","        // run tests","        local.nop(local.modeTest &&","            document.querySelector('#testRunButton1') &&","            document.querySelector('#testRunButton1').click());","        break;","","","","    // run node js-env code - init-after","    /* istanbul ignore next */","    case 'node':","        local.testCase_buildApidoc_default = local.testCase_buildApidoc_default || function (","            options,","            onError","        ) {","        /*","         * this function will test buildApidoc's default handling-behavior-behavior","         */","            options = { modulePathList: module.paths };","            local.buildApidoc(options, onError);","        };","","        local.testCase_buildApp_default = local.testCase_buildApp_default || function (","            options,","            onError","        ) {","        /*","         * this function will test buildApp's default handling-behavior-behavior","         */","            local.testCase_buildReadme_default(options, local.onErrorThrow);","            local.testCase_buildLib_default(options, local.onErrorThrow);","            local.testCase_buildTest_default(options, local.onErrorThrow);","            local.testCase_buildCustomOrg_default(options, local.onErrorThrow);","            options = [];","            local.buildApp(options, onError);","        };","","        local.testCase_buildCustomOrg_default = local.testCase_buildCustomOrg_default ||","            function (options, onError) {","            /*","             * this function will test buildCustomOrg's default handling-behavior","             */","                options = {};","                local.buildCustomOrg(options, onError);","            };","","        local.testCase_buildLib_default = local.testCase_buildLib_default || function (","            options,","            onError","        ) {","        /*","         * this function will test buildLib's default handling-behavior","         */","            options = {};","            local.buildLib(options, onError);","        };","","        local.testCase_buildReadme_default = local.testCase_buildReadme_default || function (","            options,","            onError","        ) {","        /*","         * this function will test buildReadme's default handling-behavior-behavior","         */","            options = {};","            local.buildReadme(options, onError);","        };","","        local.testCase_buildTest_default = local.testCase_buildTest_default || function (","            options,","            onError","        ) {","        /*","         * this function will test buildTest's default handling-behavior","         */","            options = {};","            local.buildTest(options, onError);","        };","","        local.testCase_webpage_default = local.testCase_webpage_default || function (","            options,","            onError","        ) {","        /*","         * this function will test webpage's default handling-behavior","         */","            options = { modeCoverageMerge: true, url: local.serverLocalHost + '?modeTest=1' };","            local.browserTest(options, onError);","        };","","        // run test-server","        local.testRunServer(local);","        break;","    }","}());",""],"l":{"12":2,"14":2,"19":2,"21":2,"23":2,"24":2,"25":2,"30":1,"37":2,"40":2,"43":1,"47":1,"50":1,"52":1,"55":2,"61":2,"62":2,"64":2,"70":1,"76":1,"82":2,"83":2,"85":2,"91":1,"98":1,"102":1,"105":1,"112":1,"119":1,"120":1,"123":1,"130":1,"131":1,"132":1,"133":1,"134":1,"135":1,"138":1,"143":2,"144":2,"147":1,"154":2,"155":2,"158":1,"165":2,"166":2,"169":1,"176":2,"177":2,"180":1,"187":1,"188":1,"192":1,"193":1}},"/home/travis/build/npmtest/node-npmtest-steam-user/lib.npmtest_steam_user.js":{"path":"/home/travis/build/npmtest/node-npmtest-steam-user/lib.npmtest_steam_user.js","s":{"1":2,"2":2,"3":2,"4":2,"5":2,"6":2,"7":2,"8":1,"9":2,"10":2,"11":2,"12":2,"13":1,"14":1,"15":1,"16":1},"b":{"1":[2,1,1,1],"2":[1,1,1,1],"3":[1,1],"4":[2,2],"5":[1,1]},"f":{"1":2,"2":2,"3":2},"fnMap":{"1":{"name":"(anonymous_1)","line":12,"loc":{"start":{"line":12,"column":1},"end":{"line":12,"column":13}}},"2":{"name":"(anonymous_2)","line":19,"loc":{"start":{"line":19,"column":5},"end":{"line":19,"column":17}}},"3":{"name":"(anonymous_3)","line":23,"loc":{"start":{"line":23,"column":24},"end":{"line":23,"column":36}}}},"statementMap":{"1":{"start":{"line":12,"column":0},"end":{"line":53,"column":5}},"2":{"start":{"line":14,"column":4},"end":{"line":14,"column":14}},"3":{"start":{"line":19,"column":4},"end":{"line":52,"column":9}},"4":{"start":{"line":21,"column":8},"end":{"line":21,"column":19}},"5":{"start":{"line":23,"column":8},"end":{"line":35,"column":13}},"6":{"start":{"line":24,"column":12},"end":{"line":34,"column":13}},"7":{"start":{"line":25,"column":16},"end":{"line":28,"column":30}},"8":{"start":{"line":30,"column":16},"end":{"line":33,"column":27}},"9":{"start":{"line":37,"column":8},"end":{"line":39,"column":21}},"10":{"start":{"line":41,"column":8},"end":{"line":41,"column":54}},"11":{"start":{"line":43,"column":8},"end":{"line":43,"column":55}},"12":{"start":{"line":45,"column":8},"end":{"line":51,"column":9}},"13":{"start":{"line":46,"column":12},"end":{"line":46,"column":61}},"14":{"start":{"line":48,"column":12},"end":{"line":48,"column":35}},"15":{"start":{"line":49,"column":12},"end":{"line":49,"column":49}},"16":{"start":{"line":50,"column":12},"end":{"line":50,"column":43}}},"branchMap":{"1":{"line":25,"type":"binary-expr","locations":[{"start":{"line":25,"column":23},"end":{"line":25,"column":62}},{"start":{"line":26,"column":20},"end":{"line":26,"column":70}},{"start":{"line":27,"column":20},"end":{"line":27,"column":71}},{"start":{"line":28,"column":20},"end":{"line":28,"column":29}}]},"2":{"line":30,"type":"binary-expr","locations":[{"start":{"line":30,"column":23},"end":{"line":30,"column":37}},{"start":{"line":31,"column":20},"end":{"line":31,"column":61}},{"start":{"line":32,"column":20},"end":{"line":32,"column":70}},{"start":{"line":33,"column":20},"end":{"line":33,"column":26}}]},"3":{"line":37,"type":"cond-expr","locations":[{"start":{"line":38,"column":14},"end":{"line":38,"column":20}},{"start":{"line":39,"column":14},"end":{"line":39,"column":20}}]},"4":{"line":41,"type":"binary-expr","locations":[{"start":{"line":41,"column":16},"end":{"line":41,"column":44}},{"start":{"line":41,"column":48},"end":{"line":41,"column":53}}]},"5":{"line":45,"type":"if","locations":[{"start":{"line":45,"column":8},"end":{"line":45,"column":8}},{"start":{"line":45,"column":8},"end":{"line":45,"column":8}}]}},"code":["/* istanbul instrument in package npmtest_steam_user */","/*jslint","    bitwise: true,","    browser: true,","    maxerr: 8,","    maxlen: 96,","    node: true,","    nomen: true,","    regexp: true,","    stupid: true","*/","(function () {","    'use strict';","    var local;","","","","    // run shared js-env code - init-before","    (function () {","        // init local","        local = {};","        // init modeJs","        local.modeJs = (function () {","            try {","                return typeof navigator.userAgent === 'string' &&","                    typeof document.querySelector('body') === 'object' &&","                    typeof XMLHttpRequest.prototype.open === 'function' &&","                    'browser';","            } catch (errorCaughtBrowser) {","                return module.exports &&","                    typeof process.versions.node === 'string' &&","                    typeof require('http').createServer === 'function' &&","                    'node';","            }","        }());","        // init global","        local.global = local.modeJs === 'browser'","            ? window","            : global;","        // init utility2_rollup","        local = local.global.utility2_rollup || local;","        // init lib","        local.local = local.npmtest_steam_user = local;","        // init exports","        if (local.modeJs === 'browser') {","            local.global.utility2_npmtest_steam_user = local;","        } else {","            module.exports = local;","            module.exports.__dirname = __dirname;","            module.exports.module = module;","        }","    }());","}());",""],"l":{"12":2,"14":2,"19":2,"21":2,"23":2,"24":2,"25":2,"30":1,"37":2,"41":2,"43":2,"45":2,"46":1,"48":1,"49":1,"50":1}},"/home/travis/build/npmtest/node-npmtest-steam-user/example.js":{"path":"/home/travis/build/npmtest/node-npmtest-steam-user/example.js","s":{"1":2,"2":2,"3":2,"4":2,"5":2,"6":2,"7":2,"8":1,"9":2,"10":2,"11":2,"12":2,"13":1,"14":2,"15":2,"16":2,"17":2,"18":2,"19":0,"20":2,"21":1,"22":1,"23":1,"24":1,"25":1,"26":0,"27":0,"28":1,"29":1,"30":2,"31":0,"32":0,"33":0,"34":1,"35":2,"36":2,"37":3,"38":3,"39":3,"40":3,"41":0,"42":3,"43":3,"44":3,"45":1,"46":3,"47":1,"48":1,"49":1,"50":1,"51":1,"52":1,"53":1,"54":1,"55":1,"56":1,"57":0,"58":1,"59":6,"60":6,"61":1,"62":2,"63":0,"64":2,"65":1,"66":1,"67":0,"68":0,"69":0,"70":0,"71":0,"72":0,"73":0,"74":0,"75":0,"76":0,"77":0,"78":0,"79":0,"80":0,"81":0,"82":0,"83":0},"b":{"1":[2,1,1,1],"2":[1,1,1,1],"3":[1,1],"4":[2,2],"5":[1,1],"6":[1,1],"7":[2,0],"8":[2,1,1,1,1,1],"9":[0,2,0],"10":[1,1],"11":[2,1,1],"12":[1,0],"13":[0,2],"14":[2,0,0,0,0,0,0],"15":[0,3],"16":[3,0],"17":[1,1],"18":[0,1],"19":[1,2,0,2],"20":[1,0],"21":[1,1],"22":[0,0],"23":[0,0],"24":[0,0],"25":[0,0],"26":[0,0],"27":[0,0],"28":[0,0]},"f":{"1":2,"2":2,"3":2,"4":2,"5":2,"6":2,"7":3,"8":3,"9":3,"10":1,"11":6,"12":0},"fnMap":{"1":{"name":"(anonymous_1)","line":26,"loc":{"start":{"line":26,"column":1},"end":{"line":26,"column":13}}},"2":{"name":"(anonymous_2)","line":33,"loc":{"start":{"line":33,"column":5},"end":{"line":33,"column":17}}},"3":{"name":"(anonymous_3)","line":37,"loc":{"start":{"line":37,"column":24},"end":{"line":37,"column":36}}},"4":{"name":"(anonymous_4)","line":69,"loc":{"start":{"line":69,"column":31},"end":{"line":69,"column":48}},"skip":true},"5":{"name":"(anonymous_5)","line":78,"loc":{"start":{"line":78,"column":26},"end":{"line":78,"column":45}},"skip":true},"6":{"name":"(anonymous_6)","line":123,"loc":{"start":{"line":123,"column":33},"end":{"line":123,"column":48}},"skip":true},"7":{"name":"(anonymous_7)","line":125,"loc":{"start":{"line":125,"column":27},"end":{"line":125,"column":39}},"skip":true},"8":{"name":"(anonymous_8)","line":133,"loc":{"start":{"line":133,"column":59},"end":{"line":133,"column":74}},"skip":true},"9":{"name":"(anonymous_9)","line":143,"loc":{"start":{"line":143,"column":45},"end":{"line":143,"column":62}},"skip":true},"10":{"name":"(anonymous_10)","line":144,"loc":{"start":{"line":144,"column":73},"end":{"line":144,"column":92}},"skip":true},"11":{"name":"(anonymous_11)","line":272,"loc":{"start":{"line":272,"column":51},"end":{"line":272,"column":77}},"skip":true},"12":{"name":"(anonymous_12)","line":315,"loc":{"start":{"line":315,"column":32},"end":{"line":315,"column":61}},"skip":true}},"statementMap":{"1":{"start":{"line":26,"column":0},"end":{"line":326,"column":5}},"2":{"start":{"line":28,"column":4},"end":{"line":28,"column":14}},"3":{"start":{"line":33,"column":4},"end":{"line":60,"column":9}},"4":{"start":{"line":35,"column":8},"end":{"line":35,"column":19}},"5":{"start":{"line":37,"column":8},"end":{"line":49,"column":13}},"6":{"start":{"line":38,"column":12},"end":{"line":48,"column":13}},"7":{"start":{"line":39,"column":16},"end":{"line":42,"column":30}},"8":{"start":{"line":44,"column":16},"end":{"line":47,"column":27}},"9":{"start":{"line":51,"column":8},"end":{"line":53,"column":21}},"10":{"start":{"line":55,"column":8},"end":{"line":57,"column":45}},"11":{"start":{"line":59,"column":8},"end":{"line":59,"column":35}},"12":{"start":{"line":61,"column":4},"end":{"line":325,"column":5}},"13":{"start":{"line":69,"column":8},"end":{"line":121,"column":10},"skip":true},"14":{"start":{"line":70,"column":12},"end":{"line":88,"column":13},"skip":true},"15":{"start":{"line":76,"column":16},"end":{"line":87,"column":19},"skip":true},"16":{"start":{"line":79,"column":20},"end":{"line":86,"column":21},"skip":true},"17":{"start":{"line":82,"column":24},"end":{"line":82,"column":43},"skip":true},"18":{"start":{"line":83,"column":24},"end":{"line":83,"column":30},"skip":true},"19":{"start":{"line":85,"column":24},"end":{"line":85,"column":49},"skip":true},"20":{"start":{"line":89,"column":12},"end":{"line":107,"column":13},"skip":true},"21":{"start":{"line":92,"column":16},"end":{"line":102,"column":17},"skip":true},"22":{"start":{"line":93,"column":20},"end":{"line":93,"column":86},"skip":true},"23":{"start":{"line":94,"column":20},"end":{"line":95,"column":45},"skip":true},"24":{"start":{"line":96,"column":20},"end":{"line":96,"column":42},"skip":true},"25":{"start":{"line":97,"column":20},"end":{"line":97,"column":48},"skip":true},"26":{"start":{"line":100,"column":20},"end":{"line":100,"column":85},"skip":true},"27":{"start":{"line":101,"column":20},"end":{"line":101,"column":96},"skip":true},"28":{"start":{"line":103,"column":16},"end":{"line":103,"column":22},"skip":true},"29":{"start":{"line":106,"column":16},"end":{"line":106,"column":22},"skip":true},"30":{"start":{"line":108,"column":12},"end":{"line":120,"column":13},"skip":true},"31":{"start":{"line":114,"column":16},"end":{"line":119,"column":17},"skip":true},"32":{"start":{"line":116,"column":20},"end":{"line":116,"column":78},"skip":true},"33":{"start":{"line":118,"column":20},"end":{"line":118,"column":47},"skip":true},"34":{"start":{"line":123,"column":8},"end":{"line":141,"column":11},"skip":true},"35":{"start":{"line":124,"column":12},"end":{"line":124,"column":54},"skip":true},"36":{"start":{"line":125,"column":12},"end":{"line":140,"column":14},"skip":true},"37":{"start":{"line":126,"column":16},"end":{"line":126,"column":28},"skip":true},"38":{"start":{"line":127,"column":16},"end":{"line":127,"column":69},"skip":true},"39":{"start":{"line":128,"column":16},"end":{"line":128,"column":75},"skip":true},"40":{"start":{"line":129,"column":16},"end":{"line":131,"column":17},"skip":true},"41":{"start":{"line":130,"column":20},"end":{"line":130,"column":27},"skip":true},"42":{"start":{"line":133,"column":16},"end":{"line":137,"column":36},"skip":true},"43":{"start":{"line":134,"column":20},"end":{"line":136,"column":55},"skip":true},"44":{"start":{"line":139,"column":16},"end":{"line":139,"column":57},"skip":true},"45":{"start":{"line":143,"column":8},"end":{"line":147,"column":11},"skip":true},"46":{"start":{"line":144,"column":12},"end":{"line":146,"column":15},"skip":true},"47":{"start":{"line":145,"column":16},"end":{"line":145,"column":70},"skip":true},"48":{"start":{"line":149,"column":8},"end":{"line":149,"column":31},"skip":true},"49":{"start":{"line":150,"column":8},"end":{"line":150,"column":14},"skip":true},"50":{"start":{"line":158,"column":8},"end":{"line":158,"column":31},"skip":true},"51":{"start":{"line":160,"column":8},"end":{"line":160,"column":33},"skip":true},"52":{"start":{"line":161,"column":8},"end":{"line":161,"column":37},"skip":true},"53":{"start":{"line":162,"column":8},"end":{"line":162,"column":35},"skip":true},"54":{"start":{"line":164,"column":8},"end":{"line":164,"column":50},"skip":true},"55":{"start":{"line":166,"column":8},"end":{"line":256,"column":2},"skip":true},"56":{"start":{"line":258,"column":8},"end":{"line":286,"column":9},"skip":true},"57":{"start":{"line":259,"column":12},"end":{"line":269,"column":14},"skip":true},"58":{"start":{"line":271,"column":12},"end":{"line":285,"column":19},"skip":true},"59":{"start":{"line":274,"column":20},"end":{"line":274,"column":35},"skip":true},"60":{"start":{"line":275,"column":20},"end":{"line":284,"column":21},"skip":true},"61":{"start":{"line":277,"column":24},"end":{"line":277,"column":64},"skip":true},"62":{"start":{"line":279,"column":24},"end":{"line":279,"column":40},"skip":true},"63":{"start":{"line":281,"column":24},"end":{"line":281,"column":40},"skip":true},"64":{"start":{"line":283,"column":24},"end":{"line":283,"column":39},"skip":true},"65":{"start":{"line":288,"column":8},"end":{"line":290,"column":9},"skip":true},"66":{"start":{"line":289,"column":12},"end":{"line":289,"column":18},"skip":true},"67":{"start":{"line":291,"column":8},"end":{"line":293,"column":54},"skip":true},"68":{"start":{"line":296,"column":8},"end":{"line":301,"column":37},"skip":true},"69":{"start":{"line":303,"column":8},"end":{"line":303,"column":82},"skip":true},"70":{"start":{"line":306,"column":8},"end":{"line":308,"column":9},"skip":true},"71":{"start":{"line":307,"column":12},"end":{"line":307,"column":82},"skip":true},"72":{"start":{"line":310,"column":8},"end":{"line":312,"column":9},"skip":true},"73":{"start":{"line":311,"column":12},"end":{"line":311,"column":18},"skip":true},"74":{"start":{"line":313,"column":8},"end":{"line":313,"column":54},"skip":true},"75":{"start":{"line":314,"column":8},"end":{"line":314,"column":69},"skip":true},"76":{"start":{"line":315,"column":8},"end":{"line":323,"column":36},"skip":true},"77":{"start":{"line":316,"column":12},"end":{"line":316,"column":61},"skip":true},"78":{"start":{"line":317,"column":12},"end":{"line":320,"column":13},"skip":true},"79":{"start":{"line":318,"column":16},"end":{"line":318,"column":75},"skip":true},"80":{"start":{"line":319,"column":16},"end":{"line":319,"column":23},"skip":true},"81":{"start":{"line":321,"column":12},"end":{"line":321,"column":38},"skip":true},"82":{"start":{"line":322,"column":12},"end":{"line":322,"column":27},"skip":true},"83":{"start":{"line":324,"column":8},"end":{"line":324,"column":14},"skip":true}},"branchMap":{"1":{"line":39,"type":"binary-expr","locations":[{"start":{"line":39,"column":23},"end":{"line":39,"column":62}},{"start":{"line":40,"column":20},"end":{"line":40,"column":70}},{"start":{"line":41,"column":20},"end":{"line":41,"column":71}},{"start":{"line":42,"column":20},"end":{"line":42,"column":29}}]},"2":{"line":44,"type":"binary-expr","locations":[{"start":{"line":44,"column":23},"end":{"line":44,"column":37}},{"start":{"line":45,"column":20},"end":{"line":45,"column":61}},{"start":{"line":46,"column":20},"end":{"line":46,"column":70}},{"start":{"line":47,"column":20},"end":{"line":47,"column":26}}]},"3":{"line":51,"type":"cond-expr","locations":[{"start":{"line":52,"column":14},"end":{"line":52,"column":20}},{"start":{"line":53,"column":14},"end":{"line":53,"column":20}}]},"4":{"line":55,"type":"binary-expr","locations":[{"start":{"line":55,"column":16},"end":{"line":55,"column":44}},{"start":{"line":55,"column":49},"end":{"line":57,"column":43}}]},"5":{"line":55,"type":"cond-expr","locations":[{"start":{"line":56,"column":14},"end":{"line":56,"column":54}},{"start":{"line":57,"column":14},"end":{"line":57,"column":43}}]},"6":{"line":61,"type":"switch","locations":[{"start":{"line":68,"column":4},"end":{"line":150,"column":14},"skip":true},{"start":{"line":156,"column":4},"end":{"line":324,"column":14},"skip":true}]},"7":{"line":70,"type":"if","locations":[{"start":{"line":70,"column":12},"end":{"line":70,"column":12},"skip":true},{"start":{"line":70,"column":12},"end":{"line":70,"column":12},"skip":true}]},"8":{"line":70,"type":"binary-expr","locations":[{"start":{"line":70,"column":16},"end":{"line":70,"column":22},"skip":true},{"start":{"line":70,"column":27},"end":{"line":70,"column":32},"skip":true},{"start":{"line":71,"column":20},"end":{"line":71,"column":39},"skip":true},{"start":{"line":72,"column":20},"end":{"line":72,"column":49},"skip":true},{"start":{"line":73,"column":20},"end":{"line":73,"column":58},"skip":true},{"start":{"line":74,"column":20},"end":{"line":74,"column":69},"skip":true}]},"9":{"line":79,"type":"switch","locations":[{"start":{"line":80,"column":20},"end":{"line":80,"column":33},"skip":true},{"start":{"line":81,"column":20},"end":{"line":83,"column":30},"skip":true},{"start":{"line":84,"column":20},"end":{"line":85,"column":49},"skip":true}]},"10":{"line":89,"type":"switch","locations":[{"start":{"line":90,"column":12},"end":{"line":103,"column":22},"skip":true},{"start":{"line":105,"column":12},"end":{"line":106,"column":22},"skip":true}]},"11":{"line":89,"type":"binary-expr","locations":[{"start":{"line":89,"column":20},"end":{"line":89,"column":25},"skip":true},{"start":{"line":89,"column":29},"end":{"line":89,"column":48},"skip":true},{"start":{"line":89,"column":52},"end":{"line":89,"column":74},"skip":true}]},"12":{"line":92,"type":"if","locations":[{"start":{"line":92,"column":16},"end":{"line":92,"column":16},"skip":true},{"start":{"line":92,"column":16},"end":{"line":92,"column":16},"skip":true}]},"13":{"line":108,"type":"if","locations":[{"start":{"line":108,"column":12},"end":{"line":108,"column":12},"skip":true},{"start":{"line":108,"column":12},"end":{"line":108,"column":12},"skip":true}]},"14":{"line":108,"type":"binary-expr","locations":[{"start":{"line":108,"column":16},"end":{"line":108,"column":61},"skip":true},{"start":{"line":108,"column":66},"end":{"line":108,"column":72},"skip":true},{"start":{"line":108,"column":77},"end":{"line":108,"column":82},"skip":true},{"start":{"line":109,"column":20},"end":{"line":109,"column":39},"skip":true},{"start":{"line":110,"column":20},"end":{"line":110,"column":49},"skip":true},{"start":{"line":111,"column":20},"end":{"line":111,"column":58},"skip":true},{"start":{"line":112,"column":20},"end":{"line":112,"column":68},"skip":true}]},"15":{"line":129,"type":"if","locations":[{"start":{"line":129,"column":16},"end":{"line":129,"column":16},"skip":true},{"start":{"line":129,"column":16},"end":{"line":129,"column":16},"skip":true}]},"16":{"line":134,"type":"cond-expr","locations":[{"start":{"line":135,"column":26},"end":{"line":135,"column":29},"skip":true},{"start":{"line":136,"column":26},"end":{"line":136,"column":54},"skip":true}]},"17":{"line":164,"type":"binary-expr","locations":[{"start":{"line":164,"column":27},"end":{"line":164,"column":43},"skip":true},{"start":{"line":164,"column":47},"end":{"line":164,"column":49},"skip":true}]},"18":{"line":258,"type":"if","locations":[{"start":{"line":258,"column":8},"end":{"line":258,"column":8},"skip":true},{"start":{"line":258,"column":8},"end":{"line":258,"column":8},"skip":true}]},"19":{"line":275,"type":"switch","locations":[{"start":{"line":276,"column":20},"end":{"line":277,"column":64},"skip":true},{"start":{"line":278,"column":20},"end":{"line":279,"column":40},"skip":true},{"start":{"line":280,"column":20},"end":{"line":281,"column":40},"skip":true},{"start":{"line":282,"column":20},"end":{"line":283,"column":39},"skip":true}]},"20":{"line":288,"type":"if","locations":[{"start":{"line":288,"column":8},"end":{"line":288,"column":8},"skip":true},{"start":{"line":288,"column":8},"end":{"line":288,"column":8},"skip":true}]},"21":{"line":288,"type":"binary-expr","locations":[{"start":{"line":288,"column":12},"end":{"line":288,"column":40},"skip":true},{"start":{"line":288,"column":44},"end":{"line":288,"column":67},"skip":true}]},"22":{"line":292,"type":"binary-expr","locations":[{"start":{"line":292,"column":12},"end":{"line":292,"column":50},"skip":true},{"start":{"line":293,"column":12},"end":{"line":293,"column":53},"skip":true}]},"23":{"line":297,"type":"binary-expr","locations":[{"start":{"line":297,"column":12},"end":{"line":297,"column":68},"skip":true},{"start":{"line":298,"column":12},"end":{"line":301,"column":36},"skip":true}]},"24":{"line":303,"type":"binary-expr","locations":[{"start":{"line":303,"column":43},"end":{"line":303,"column":75},"skip":true},{"start":{"line":303,"column":79},"end":{"line":303,"column":81},"skip":true}]},"25":{"line":306,"type":"if","locations":[{"start":{"line":306,"column":8},"end":{"line":306,"column":8},"skip":true},{"start":{"line":306,"column":8},"end":{"line":306,"column":8},"skip":true}]},"26":{"line":310,"type":"if","locations":[{"start":{"line":310,"column":8},"end":{"line":310,"column":8},"skip":true},{"start":{"line":310,"column":8},"end":{"line":310,"column":8},"skip":true}]},"27":{"line":313,"type":"binary-expr","locations":[{"start":{"line":313,"column":27},"end":{"line":313,"column":43},"skip":true},{"start":{"line":313,"column":47},"end":{"line":313,"column":53},"skip":true}]},"28":{"line":317,"type":"if","locations":[{"start":{"line":317,"column":12},"end":{"line":317,"column":12},"skip":true},{"start":{"line":317,"column":12},"end":{"line":317,"column":12},"skip":true}]}},"code":["/*","example.js","","quickstart example","","instruction","    1. save this script as example.js","    2. run the shell command:","        $ npm install npmtest-steam-user && PORT=8081 node example.js","    3. play with the browser-demo on http://127.0.0.1:8081","*/","","","","/* istanbul instrument in package npmtest_steam_user */","/*jslint","    bitwise: true,","    browser: true,","    maxerr: 8,","    maxlen: 96,","    node: true,","    nomen: true,","    regexp: true,","    stupid: true","*/","(function () {","    'use strict';","    var local;","","","","    // run shared js-env code - init-before","    (function () {","        // init local","        local = {};","        // init modeJs","        local.modeJs = (function () {","            try {","                return typeof navigator.userAgent === 'string' &&","                    typeof document.querySelector('body') === 'object' &&","                    typeof XMLHttpRequest.prototype.open === 'function' &&","                    'browser';","            } catch (errorCaughtBrowser) {","                return module.exports &&","                    typeof process.versions.node === 'string' &&","                    typeof require('http').createServer === 'function' &&","                    'node';","            }","        }());","        // init global","        local.global = local.modeJs === 'browser'","            ? window","            : global;","        // init utility2_rollup","        local = local.global.utility2_rollup || (local.modeJs === 'browser'","            ? local.global.utility2_npmtest_steam_user","            : global.utility2_moduleExports);","        // export local","        local.global.local = local;","    }());","    switch (local.modeJs) {","","","","    // init-after","    // run browser js-env code - init-after","    /* istanbul ignore next */","    case 'browser':","        local.testRunBrowser = function (event) {","            if (!event || (event &&","                    event.currentTarget &&","                    event.currentTarget.className &&","                    event.currentTarget.className.includes &&","                    event.currentTarget.className.includes('onreset'))) {","                // reset output","                Array.from(","                    document.querySelectorAll('body > .resettable')","                ).forEach(function (element) {","                    switch (element.tagName) {","                    case 'INPUT':","                    case 'TEXTAREA':","                        element.value = '';","                        break;","                    default:","                        element.textContent = '';","                    }","                });","            }","            switch (event && event.currentTarget && event.currentTarget.id) {","            case 'testRunButton1':","                // show tests","                if (document.querySelector('#testReportDiv1').style.display === 'none') {","                    document.querySelector('#testReportDiv1').style.display = 'block';","                    document.querySelector('#testRunButton1').textContent =","                        'hide internal test';","                    local.modeTest = true;","                    local.testRunDefault(local);","                // hide tests","                } else {","                    document.querySelector('#testReportDiv1').style.display = 'none';","                    document.querySelector('#testRunButton1').textContent = 'run internal test';","                }","                break;","            // custom-case","            default:","                break;","            }","            if (document.querySelector('#inputTextareaEval1') && (!event || (event &&","                    event.currentTarget &&","                    event.currentTarget.className &&","                    event.currentTarget.className.includes &&","                    event.currentTarget.className.includes('oneval')))) {","                // try to eval input-code","                try {","                    /*jslint evil: true*/","                    eval(document.querySelector('#inputTextareaEval1').value);","                } catch (errorCaught) {","                    console.error(errorCaught);","                }","            }","        };","        // log stderr and stdout to #outputTextareaStdout1","        ['error', 'log'].forEach(function (key) {","            console[key + '_original'] = console[key];","            console[key] = function () {","                var element;","                console[key + '_original'].apply(console, arguments);","                element = document.querySelector('#outputTextareaStdout1');","                if (!element) {","                    return;","                }","                // append text to #outputTextareaStdout1","                element.value += Array.from(arguments).map(function (arg) {","                    return typeof arg === 'string'","                        ? arg","                        : JSON.stringify(arg, null, 4);","                }).join(' ') + '\\n';","                // scroll textarea to bottom","                element.scrollTop = element.scrollHeight;","            };","        });","        // init event-handling","        ['change', 'click', 'keyup'].forEach(function (event) {","            Array.from(document.querySelectorAll('.on' + event)).forEach(function (element) {","                element.addEventListener(event, local.testRunBrowser);","            });","        });","        // run tests","        local.testRunBrowser();","        break;","","","","    // run node js-env code - init-after","    /* istanbul ignore next */","    case 'node':","        // export local","        module.exports = local;","        // require modules","        local.fs = require('fs');","        local.http = require('http');","        local.url = require('url');","        // init assets","        local.assetsDict = local.assetsDict || {};","        /* jslint-ignore-begin */","        local.assetsDict['/assets.index.template.html'] = '\\","<!doctype html>\\n\\","<html lang=\"en\">\\n\\","<head>\\n\\","<meta charset=\"UTF-8\">\\n\\","<meta name=\"viewport\" content=\"width=device-width, initial-scale=1\">\\n\\","<title>{{env.npm_package_name}} (v{{env.npm_package_version}})</title>\\n\\","<style>\\n\\","/*csslint\\n\\","    box-sizing: false,\\n\\","    universal-selector: false\\n\\","*/\\n\\","* {\\n\\","    box-sizing: border-box;\\n\\","}\\n\\","body {\\n\\","    background: #dde;\\n\\","    font-family: Arial, Helvetica, sans-serif;\\n\\","    margin: 2rem;\\n\\","}\\n\\","body > * {\\n\\","    margin-bottom: 1rem;\\n\\","}\\n\\",".utility2FooterDiv {\\n\\","    margin-top: 20px;\\n\\","    text-align: center;\\n\\","}\\n\\","</style>\\n\\","<style>\\n\\","/*csslint\\n\\","*/\\n\\","textarea {\\n\\","    font-family: monospace;\\n\\","    height: 10rem;\\n\\","    width: 100%;\\n\\","}\\n\\","textarea[readonly] {\\n\\","    background: #ddd;\\n\\","}\\n\\","</style>\\n\\","</head>\\n\\","<body>\\n\\","<!-- utility2-comment\\n\\","<div id=\"ajaxProgressDiv1\" style=\"background: #d00; height: 2px; left: 0; margin: 0; padding: 0; position: fixed; top: 0; transition: background 0.5s, width 1.5s; width: 25%;\"></div>\\n\\","utility2-comment -->\\n\\","<h1>\\n\\","<!-- utility2-comment\\n\\","    <a\\n\\","        {{#if env.npm_package_homepage}}\\n\\","        href=\"{{env.npm_package_homepage}}\"\\n\\","        {{/if env.npm_package_homepage}}\\n\\","        target=\"_blank\"\\n\\","    >\\n\\","utility2-comment -->\\n\\","        {{env.npm_package_name}} (v{{env.npm_package_version}})\\n\\","<!-- utility2-comment\\n\\","    </a>\\n\\","utility2-comment -->\\n\\","</h1>\\n\\","<h3>{{env.npm_package_description}}</h3>\\n\\","<!-- utility2-comment\\n\\","<h4><a download href=\"assets.app.js\">download standalone app</a></h4>\\n\\","<button class=\"onclick onreset\" id=\"testRunButton1\">run internal test</button><br>\\n\\","<div id=\"testReportDiv1\" style=\"display: none;\"></div>\\n\\","utility2-comment -->\\n\\","\\n\\","\\n\\","\\n\\","<label>stderr and stdout</label>\\n\\","<textarea class=\"resettable\" id=\"outputTextareaStdout1\" readonly></textarea>\\n\\","<!-- utility2-comment\\n\\","{{#if isRollup}}\\n\\","<script src=\"assets.app.js\"></script>\\n\\","{{#unless isRollup}}\\n\\","utility2-comment -->\\n\\","<script src=\"assets.utility2.rollup.js\"></script>\\n\\","<script src=\"jsonp.utility2._stateInit?callback=window.utility2._stateInit\"></script>\\n\\","<script src=\"assets.npmtest_steam_user.rollup.js\"></script>\\n\\","<script src=\"assets.example.js\"></script>\\n\\","<script src=\"assets.test.js\"></script>\\n\\","<!-- utility2-comment\\n\\","{{/if isRollup}}\\n\\","utility2-comment -->\\n\\","<div class=\"utility2FooterDiv\">\\n\\","    [ this app was created with\\n\\","    <a href=\"https://github.com/kaizhu256/node-utility2\" target=\"_blank\">utility2</a>\\n\\","    ]\\n\\","</div>\\n\\","</body>\\n\\","</html>\\n\\","';","        /* jslint-ignore-end */","        if (local.templateRender) {","            local.assetsDict['/'] = local.templateRender(","                local.assetsDict['/assets.index.template.html'],","                {","                    env: local.objectSetDefault(local.env, {","                        npm_package_description: 'the greatest app in the world!',","                        npm_package_name: 'my-app',","                        npm_package_nameAlias: 'my_app',","                        npm_package_version: '0.0.1'","                    })","                }","            );","        } else {","            local.assetsDict['/'] = local.assetsDict['/assets.index.template.html']","                .replace((/\\{\\{env\\.(\\w+?)\\}\\}/g), function (match0, match1) {","                    // jslint-hack","                    String(match0);","                    switch (match1) {","                    case 'npm_package_description':","                        return 'the greatest app in the world!';","                    case 'npm_package_name':","                        return 'my-app';","                    case 'npm_package_nameAlias':","                        return 'my_app';","                    case 'npm_package_version':","                        return '0.0.1';","                    }","                });","        }","        // run the cli","        if (local.global.utility2_rollup || module !== require.main) {","            break;","        }","        local.assetsDict['/assets.example.js'] =","            local.assetsDict['/assets.example.js'] ||","            local.fs.readFileSync(__filename, 'utf8');","        // bug-workaround - long $npm_package_buildCustomOrg","        /* jslint-ignore-begin */","        local.assetsDict['/assets.npmtest_steam_user.rollup.js'] =","            local.assetsDict['/assets.npmtest_steam_user.rollup.js'] ||","            local.fs.readFileSync(","                local.npmtest_steam_user.__dirname + '/lib.npmtest_steam_user.js',","                'utf8'","            ).replace((/^#!/), '//');","        /* jslint-ignore-end */","        local.assetsDict['/favicon.ico'] = local.assetsDict['/favicon.ico'] || '';","        // if $npm_config_timeout_exit exists,","        // then exit this process after $npm_config_timeout_exit ms","        if (Number(process.env.npm_config_timeout_exit)) {","            setTimeout(process.exit, Number(process.env.npm_config_timeout_exit));","        }","        // start server","        if (local.global.utility2_serverHttp1) {","            break;","        }","        process.env.PORT = process.env.PORT || '8081';","        console.error('server starting on port ' + process.env.PORT);","        local.http.createServer(function (request, response) {","            request.urlParsed = local.url.parse(request.url);","            if (local.assetsDict[request.urlParsed.pathname] !== undefined) {","                response.end(local.assetsDict[request.urlParsed.pathname]);","                return;","            }","            response.statusCode = 404;","            response.end();","        }).listen(process.env.PORT);","        break;","    }","}());",""],"l":{"26":2,"28":2,"33":2,"35":2,"37":2,"38":2,"39":2,"44":1,"51":2,"55":2,"59":2,"61":2,"69":1,"70":2,"76":2,"79":2,"82":2,"83":2,"85":1,"89":2,"92":1,"93":1,"94":1,"96":1,"97":1,"100":1,"101":1,"103":1,"106":1,"108":2,"114":1,"116":1,"118":1,"123":1,"124":2,"125":2,"126":3,"127":3,"128":3,"129":3,"130":1,"133":3,"134":3,"139":3,"143":1,"144":3,"145":1,"149":1,"150":1,"158":1,"160":1,"161":1,"162":1,"164":1,"166":1,"258":1,"259":1,"271":1,"274":6,"275":6,"277":1,"279":2,"281":1,"283":2,"288":1,"289":1,"291":1,"296":1,"303":1,"306":1,"307":1,"310":1,"311":1,"313":1,"314":1,"315":1,"316":1,"317":1,"318":1,"319":1,"321":1,"322":1,"324":1}},"/home/travis/build/npmtest/node-npmtest-steam-user/node_modules/steam-user/index.js":{"path":"/home/travis/build/npmtest/node-npmtest-steam-user/node_modules/steam-user/index.js","s":{"1":37,"2":0,"3":0,"4":0,"5":0,"6":0,"7":0,"8":0,"9":0,"10":0,"11":0,"12":0,"13":0,"14":1,"15":0,"16":0,"17":0,"18":0,"19":0,"20":0,"21":0,"22":0,"23":0,"24":0,"25":0,"26":0,"27":0,"28":0,"29":0,"30":0,"31":0,"32":0,"33":0,"34":0,"35":0,"36":0,"37":0,"38":0,"39":0,"40":0,"41":0,"42":0,"43":0,"44":0,"45":0,"46":0,"47":0,"48":0,"49":0,"50":0,"51":0,"52":0,"53":0,"54":0,"55":0,"56":0,"57":0,"58":0,"59":0,"60":0,"61":0,"62":0,"63":0,"64":0,"65":0,"66":0,"67":0,"68":0,"69":0,"70":0,"71":0,"72":0,"73":0,"74":0,"75":0,"76":0,"77":0,"78":0,"79":0,"80":0,"81":0,"82":0,"83":0,"84":0,"85":0,"86":0,"87":0,"88":0,"89":0,"90":0,"91":0,"92":0,"93":0,"94":0,"95":0,"96":0,"97":0,"98":0,"99":0,"100":0,"101":0,"102":0,"103":0},"b":{"1":[0,0],"2":[0,0,0],"3":[0,0],"4":[0,0],"5":[0,0],"6":[0,0],"7":[0,0],"8":[0,0],"9":[0,0],"10":[0,0],"11":[0,0],"12":[0,0],"13":[0,0],"14":[0,0],"15":[0,0],"16":[0,0],"17":[0,0,0],"18":[0,0],"19":[0,0]},"f":{"1":0,"2":0,"3":0,"4":0,"5":0},"fnMap":{"1":{"name":"SteamUser","line":23,"loc":{"start":{"line":23,"column":0},"end":{"line":23,"column":36}}},"2":{"name":"(anonymous_2)","line":113,"loc":{"start":{"line":113,"column":25},"end":{"line":113,"column":37}}},"3":{"name":"(anonymous_3)","line":121,"loc":{"start":{"line":121,"column":27},"end":{"line":121,"column":45}}},"4":{"name":"(anonymous_4)","line":133,"loc":{"start":{"line":133,"column":32},"end":{"line":133,"column":56}}},"5":{"name":"(anonymous_5)","line":158,"loc":{"start":{"line":158,"column":33},"end":{"line":158,"column":51}}}},"statementMap":{"1":{"start":{"line":1,"column":0},"end":{"line":1,"column":36}},"2":{"start":{"line":2,"column":0},"end":{"line":2,"column":43}},"3":{"start":{"line":3,"column":0},"end":{"line":3,"column":42}},"4":{"start":{"line":5,"column":0},"end":{"line":5,"column":68}},"5":{"start":{"line":7,"column":0},"end":{"line":7,"column":27}},"6":{"start":{"line":9,"column":0},"end":{"line":9,"column":24}},"7":{"start":{"line":10,"column":0},"end":{"line":10,"column":64}},"8":{"start":{"line":11,"column":0},"end":{"line":11,"column":68}},"9":{"start":{"line":12,"column":0},"end":{"line":12,"column":70}},"10":{"start":{"line":13,"column":0},"end":{"line":13,"column":66}},"11":{"start":{"line":15,"column":0},"end":{"line":15,"column":32}},"12":{"start":{"line":17,"column":0},"end":{"line":21,"column":1}},"13":{"start":{"line":18,"column":1},"end":{"line":18,"column":63}},"14":{"start":{"line":23,"column":0},"end":{"line":131,"column":1}},"15":{"start":{"line":24,"column":1},"end":{"line":27,"column":2}},"16":{"start":{"line":25,"column":2},"end":{"line":25,"column":19}},"17":{"start":{"line":26,"column":2},"end":{"line":26,"column":16}},"18":{"start":{"line":29,"column":1},"end":{"line":29,"column":54}},"19":{"start":{"line":30,"column":1},"end":{"line":30,"column":21}},"20":{"start":{"line":33,"column":1},"end":{"line":33,"column":25}},"21":{"start":{"line":34,"column":1},"end":{"line":34,"column":17}},"22":{"start":{"line":35,"column":1},"end":{"line":35,"column":20}},"23":{"start":{"line":36,"column":1},"end":{"line":36,"column":23}},"24":{"start":{"line":37,"column":1},"end":{"line":37,"column":22}},"25":{"start":{"line":38,"column":1},"end":{"line":38,"column":19}},"26":{"start":{"line":41,"column":1},"end":{"line":41,"column":17}},"27":{"start":{"line":42,"column":1},"end":{"line":42,"column":18}},"28":{"start":{"line":43,"column":1},"end":{"line":43,"column":17}},"29":{"start":{"line":44,"column":1},"end":{"line":44,"column":21}},"30":{"start":{"line":45,"column":1},"end":{"line":45,"column":20}},"31":{"start":{"line":46,"column":1},"end":{"line":46,"column":26}},"32":{"start":{"line":47,"column":1},"end":{"line":47,"column":23}},"33":{"start":{"line":48,"column":1},"end":{"line":48,"column":24}},"34":{"start":{"line":49,"column":1},"end":{"line":49,"column":34}},"35":{"start":{"line":51,"column":1},"end":{"line":51,"column":21}},"36":{"start":{"line":52,"column":1},"end":{"line":52,"column":23}},"37":{"start":{"line":53,"column":1},"end":{"line":53,"column":27}},"38":{"start":{"line":54,"column":1},"end":{"line":54,"column":21}},"39":{"start":{"line":55,"column":1},"end":{"line":55,"column":23}},"40":{"start":{"line":56,"column":1},"end":{"line":56,"column":60}},"41":{"start":{"line":57,"column":1},"end":{"line":57,"column":27}},"42":{"start":{"line":58,"column":1},"end":{"line":58,"column":32}},"43":{"start":{"line":61,"column":1},"end":{"line":61,"column":36}},"44":{"start":{"line":62,"column":1},"end":{"line":66,"column":3}},"45":{"start":{"line":68,"column":1},"end":{"line":68,"column":21}},"46":{"start":{"line":70,"column":1},"end":{"line":70,"column":30}},"47":{"start":{"line":72,"column":1},"end":{"line":83,"column":3}},"48":{"start":{"line":85,"column":1},"end":{"line":93,"column":2}},"49":{"start":{"line":86,"column":2},"end":{"line":88,"column":3}},"50":{"start":{"line":87,"column":3},"end":{"line":87,"column":12}},"51":{"start":{"line":90,"column":2},"end":{"line":92,"column":3}},"52":{"start":{"line":91,"column":3},"end":{"line":91,"column":39}},"53":{"start":{"line":95,"column":1},"end":{"line":104,"column":2}},"54":{"start":{"line":96,"column":2},"end":{"line":103,"column":3}},"55":{"start":{"line":97,"column":3},"end":{"line":97,"column":83}},"56":{"start":{"line":99,"column":3},"end":{"line":102,"column":18}},"57":{"start":{"line":106,"column":1},"end":{"line":108,"column":2}},"58":{"start":{"line":107,"column":2},"end":{"line":107,"column":61}},"59":{"start":{"line":110,"column":1},"end":{"line":110,"column":59}},"60":{"start":{"line":112,"column":1},"end":{"line":112,"column":17}},"61":{"start":{"line":113,"column":1},"end":{"line":119,"column":4}},"62":{"start":{"line":114,"column":2},"end":{"line":116,"column":3}},"63":{"start":{"line":115,"column":3},"end":{"line":115,"column":10}},"64":{"start":{"line":118,"column":2},"end":{"line":118,"column":95}},"65":{"start":{"line":121,"column":1},"end":{"line":130,"column":4}},"66":{"start":{"line":122,"column":2},"end":{"line":124,"column":3}},"67":{"start":{"line":123,"column":3},"end":{"line":123,"column":79}},"68":{"start":{"line":126,"column":2},"end":{"line":129,"column":3}},"69":{"start":{"line":128,"column":3},"end":{"line":128,"column":43}},"70":{"start":{"line":133,"column":0},"end":{"line":156,"column":2}},"71":{"start":{"line":134,"column":1},"end":{"line":134,"column":30}},"72":{"start":{"line":137,"column":1},"end":{"line":155,"column":2}},"73":{"start":{"line":139,"column":3},"end":{"line":143,"column":4}},"74":{"start":{"line":140,"column":4},"end":{"line":140,"column":42}},"75":{"start":{"line":142,"column":4},"end":{"line":142,"column":35}},"76":{"start":{"line":145,"column":3},"end":{"line":145,"column":9}},"77":{"start":{"line":148,"column":3},"end":{"line":148,"column":38}},"78":{"start":{"line":149,"column":3},"end":{"line":149,"column":26}},"79":{"start":{"line":150,"column":3},"end":{"line":150,"column":9}},"80":{"start":{"line":153,"column":3},"end":{"line":153,"column":38}},"81":{"start":{"line":154,"column":3},"end":{"line":154,"column":9}},"82":{"start":{"line":158,"column":0},"end":{"line":166,"column":2}},"83":{"start":{"line":159,"column":1},"end":{"line":165,"column":2}},"84":{"start":{"line":160,"column":2},"end":{"line":162,"column":3}},"85":{"start":{"line":161,"column":3},"end":{"line":161,"column":12}},"86":{"start":{"line":164,"column":2},"end":{"line":164,"column":32}},"87":{"start":{"line":168,"column":0},"end":{"line":168,"column":36}},"88":{"start":{"line":169,"column":0},"end":{"line":169,"column":34}},"89":{"start":{"line":170,"column":0},"end":{"line":170,"column":33}},"90":{"start":{"line":171,"column":0},"end":{"line":171,"column":34}},"91":{"start":{"line":172,"column":0},"end":{"line":172,"column":31}},"92":{"start":{"line":173,"column":0},"end":{"line":173,"column":41}},"93":{"start":{"line":174,"column":0},"end":{"line":174,"column":32}},"94":{"start":{"line":175,"column":0},"end":{"line":175,"column":35}},"95":{"start":{"line":176,"column":0},"end":{"line":176,"column":35}},"96":{"start":{"line":177,"column":0},"end":{"line":177,"column":39}},"97":{"start":{"line":178,"column":0},"end":{"line":178,"column":35}},"98":{"start":{"line":179,"column":0},"end":{"line":179,"column":35}},"99":{"start":{"line":180,"column":0},"end":{"line":180,"column":35}},"100":{"start":{"line":181,"column":0},"end":{"line":181,"column":32}},"101":{"start":{"line":182,"column":0},"end":{"line":182,"column":37}},"102":{"start":{"line":183,"column":0},"end":{"line":183,"column":36}},"103":{"start":{"line":184,"column":0},"end":{"line":184,"column":31}}},"branchMap":{"1":{"line":24,"type":"if","locations":[{"start":{"line":24,"column":1},"end":{"line":24,"column":1}},{"start":{"line":24,"column":1},"end":{"line":24,"column":1}}]},"2":{"line":24,"type":"binary-expr","locations":[{"start":{"line":24,"column":5},"end":{"line":24,"column":11}},{"start":{"line":24,"column":15},"end":{"line":24,"column":56}},{"start":{"line":24,"column":60},"end":{"line":24,"column":98}}]},"3":{"line":29,"type":"cond-expr","locations":[{"start":{"line":29,"column":24},"end":{"line":29,"column":30}},{"start":{"line":29,"column":33},"end":{"line":29,"column":53}}]},"4":{"line":70,"type":"binary-expr","locations":[{"start":{"line":70,"column":16},"end":{"line":70,"column":23}},{"start":{"line":70,"column":27},"end":{"line":70,"column":29}}]},"5":{"line":86,"type":"if","locations":[{"start":{"line":86,"column":2},"end":{"line":86,"column":2}},{"start":{"line":86,"column":2},"end":{"line":86,"column":2}}]},"6":{"line":90,"type":"if","locations":[{"start":{"line":90,"column":2},"end":{"line":90,"column":2}},{"start":{"line":90,"column":2},"end":{"line":90,"column":2}}]},"7":{"line":95,"type":"if","locations":[{"start":{"line":95,"column":1},"end":{"line":95,"column":1}},{"start":{"line":95,"column":1},"end":{"line":95,"column":1}}]},"8":{"line":95,"type":"binary-expr","locations":[{"start":{"line":95,"column":5},"end":{"line":95,"column":32}},{"start":{"line":95,"column":36},"end":{"line":95,"column":71}}]},"9":{"line":96,"type":"if","locations":[{"start":{"line":96,"column":2},"end":{"line":96,"column":2}},{"start":{"line":96,"column":2},"end":{"line":96,"column":2}}]},"10":{"line":106,"type":"if","locations":[{"start":{"line":106,"column":1},"end":{"line":106,"column":1}},{"start":{"line":106,"column":1},"end":{"line":106,"column":1}}]},"11":{"line":114,"type":"if","locations":[{"start":{"line":114,"column":2},"end":{"line":114,"column":2}},{"start":{"line":114,"column":2},"end":{"line":114,"column":2}}]},"12":{"line":114,"type":"binary-expr","locations":[{"start":{"line":114,"column":6},"end":{"line":114,"column":19}},{"start":{"line":114,"column":23},"end":{"line":114,"column":66}}]},"13":{"line":118,"type":"binary-expr","locations":[{"start":{"line":118,"column":21},"end":{"line":118,"column":30}},{"start":{"line":118,"column":34},"end":{"line":118,"column":64}}]},"14":{"line":118,"type":"binary-expr","locations":[{"start":{"line":118,"column":66},"end":{"line":118,"column":75}},{"start":{"line":118,"column":79},"end":{"line":118,"column":93}}]},"15":{"line":122,"type":"if","locations":[{"start":{"line":122,"column":2},"end":{"line":122,"column":2}},{"start":{"line":122,"column":2},"end":{"line":122,"column":2}}]},"16":{"line":126,"type":"if","locations":[{"start":{"line":126,"column":2},"end":{"line":126,"column":2}},{"start":{"line":126,"column":2},"end":{"line":126,"column":2}}]},"17":{"line":137,"type":"switch","locations":[{"start":{"line":138,"column":2},"end":{"line":145,"column":9}},{"start":{"line":147,"column":2},"end":{"line":150,"column":9}},{"start":{"line":152,"column":2},"end":{"line":154,"column":9}}]},"18":{"line":139,"type":"if","locations":[{"start":{"line":139,"column":3},"end":{"line":139,"column":3}},{"start":{"line":139,"column":3},"end":{"line":139,"column":3}}]},"19":{"line":160,"type":"if","locations":[{"start":{"line":160,"column":2},"end":{"line":160,"column":2}},{"start":{"line":160,"column":2},"end":{"line":160,"column":2}}]}},"code":["var Steam = require('steam-client');","var AppDirectory = require('appdirectory');","var FileStorage = require('file-manager');","","require('util').inherits(SteamUser, require('events').EventEmitter);","","module.exports = SteamUser;","","SteamUser.Steam = Steam;","SteamUser.CurrencyData = require('./resources/CurrencyData.js');","SteamUser.EMachineIDType = require('./resources/EMachineIDType.js');","SteamUser.EPurchaseResult = require('./resources/EPurchaseResult.js');","SteamUser.EClientUIMode = require('./resources/EClientUIMode.js');","","require('./resources/enums.js');","","try {","\tSteamUser.Steam.servers = require('./resources/servers.json');","} catch (e) {","\t// It's okay if it isn't there","}","","function SteamUser(client, options) {","\tif (client && client.constructor.name !== 'SteamClient' && client.constructor.name !== 'CMClient') {","\t\toptions = client;","\t\tclient = null;","\t}","","\tthis.client = client ? client : new Steam.CMClient();","\tthis.steamID = null;","","\t// Account info","\tthis.limitations = null;","\tthis.vac = null;","\tthis.wallet = null;","\tthis.emailInfo = null;","\tthis.licenses = null;","\tthis.gifts = null;","","\t// Friends and users info","\tthis.users = {};","\tthis.groups = {};","\tthis.chats = {};","\tthis.myFriends = {};","\tthis.myGroups = {};","\tthis.myFriendGroups = {};","\tthis.myNicknames = {};","\tthis.steamServers = {};","\tthis.contentServersReady = false;","","\tthis._gcTokens = []; // game connect tokens","\tthis._connectTime = 0;","\tthis._connectionCount = 0;","\tthis._authSeqMe = 0;","\tthis._authSeqThem = 0;","\tthis._hSteamPipe = Math.floor(Math.random() * 1000000) + 1;","\tthis._contentServers = [];","\tthis._contentServerTokens = {};","","\t// App and package cache","\tthis._changelistUpdateTimer = null;","\tthis.picsCache = {","\t\t\"changenumber\": 0,","\t\t\"apps\": {},","\t\t\"packages\": {}","\t};","","\tthis._sentry = null;","","\tthis.options = options || {};","","\tvar defaultOptions = {","\t\t\"autoRelogin\": true,","\t\t\"singleSentryfile\": false,","\t\t\"promptSteamGuardCode\": true,","\t\t\"machineIdType\": SteamUser.EMachineIDType.AccountNameGenerated,","\t\t\"machineIdFormat\": [\"SteamUser Hash BB3 {account_name}\", \"SteamUser Hash FF2 {account_name}\", \"SteamUser Hash 3B3 {account_name}\"],","\t\t\"enablePicsCache\": false,","\t\t\"picsCacheAll\": false,","\t\t\"changelistUpdateInterval\": 60000,","\t\t\"saveAppTickets\": true,","\t\t\"debug\": false","\t};","","\tfor (var i in defaultOptions) {","\t\tif (!defaultOptions.hasOwnProperty(i)) {","\t\t\tcontinue;","\t\t}","","\t\tif (typeof this.options[i] === 'undefined') {","\t\t\tthis.options[i] = defaultOptions[i];","\t\t}","\t}","","\tif (!this.options.dataDirectory && this.options.dataDirectory !== null) {","\t\tif (process.env.OPENSHIFT_DATA_DIR) {","\t\t\tthis.options.dataDirectory = process.env.OPENSHIFT_DATA_DIR + \"/node-steamuser\";","\t\t} else {","\t\t\tthis.options.dataDirectory = (new AppDirectory({","\t\t\t\t\"appName\": \"node-steamuser\",","\t\t\t\t\"appAuthor\": \"doctormckay\"","\t\t\t})).userData();","\t\t}","\t}","","\tif (this.options.dataDirectory) {","\t\tthis.storage = new FileStorage(this.options.dataDirectory);","\t}","","\tthis.client.on('message', this._handleMessage.bind(this));","","\tvar self = this;","\tthis.client.on('error', function(e) {","\t\tif (!self.steamID && e.result != SteamUser.EResult.ConnectFailed) {","\t\t\treturn; // We've already handled this","\t\t}","","\t\tself._handleLogOff(e.eresult || SteamUser.EResult.NoConnection, e.message || \"NoConnection\");","\t});","","\tthis.client.on('servers', function(servers) {","\t\tif (self.storage) {","\t\t\tself.storage.writeFile('servers.json', JSON.stringify(servers, null, \"\\t\"));","\t\t}","","\t\tif (!client) {","\t\t\t// It's an internal client, so we know that our Steam has an up-to-date server list","\t\t\tSteam['__SteamUserServersSet__'] = true;","\t\t}","\t});","}","","SteamUser.prototype.setOption = function(option, value) {","\tthis.options[option] = value;","","\t// Handle anything that needs to happen when particular options update","\tswitch (option) {","\t\tcase 'dataDirectory':","\t\t\tif (!this.storage) {","\t\t\t\tthis.storage = new FileStorage(value);","\t\t\t} else {","\t\t\t\tthis.storage.directory = value;","\t\t\t}","","\t\t\tbreak;","","\t\tcase 'enablePicsCache':","\t\t\tthis._resetChangelistUpdateTimer();","\t\t\tthis._getLicenseInfo();","\t\t\tbreak;","","\t\tcase 'changelistUpdateInterval':","\t\t\tthis._resetChangelistUpdateTimer();","\t\t\tbreak;","\t}","};","","SteamUser.prototype.setOptions = function(options) {","\tfor (var i in options) {","\t\tif (!options.hasOwnProperty(i)) {","\t\t\tcontinue;","\t\t}","","\t\tthis.setOption(i, options[i]);","\t}","};","","require('./components/messages.js');","require('./components/webapi.js');","require('./components/logon.js');","require('./components/sentry.js');","require('./components/web.js');","require('./components/notifications.js');","require('./components/apps.js');","require('./components/appauth.js');","require('./components/account.js');","require('./components/gameservers.js');","require('./components/utility.js');","require('./components/trading.js');","require('./components/friends.js');","require('./components/chat.js');","require('./components/twofactor.js');","require('./components/pubfiles.js');","require('./components/cdn.js');","","/**"," * Called when the request completes."," * @callback SteamUser~genericEResultCallback"," * @param {EResult} eresult - The result of the operation"," */",""],"l":{"1":37,"2":0,"3":0,"5":0,"7":0,"9":0,"10":0,"11":0,"12":0,"13":0,"15":0,"17":0,"18":0,"23":1,"24":0,"25":0,"26":0,"29":0,"30":0,"33":0,"34":0,"35":0,"36":0,"37":0,"38":0,"41":0,"42":0,"43":0,"44":0,"45":0,"46":0,"47":0,"48":0,"49":0,"51":0,"52":0,"53":0,"54":0,"55":0,"56":0,"57":0,"58":0,"61":0,"62":0,"68":0,"70":0,"72":0,"85":0,"86":0,"87":0,"90":0,"91":0,"95":0,"96":0,"97":0,"99":0,"106":0,"107":0,"110":0,"112":0,"113":0,"114":0,"115":0,"118":0,"121":0,"122":0,"123":0,"126":0,"128":0,"133":0,"134":0,"137":0,"139":0,"140":0,"142":0,"145":0,"148":0,"149":0,"150":0,"153":0,"154":0,"158":0,"159":0,"160":0,"161":0,"164":0,"168":0,"169":0,"170":0,"171":0,"172":0,"173":0,"174":0,"175":0,"176":0,"177":0,"178":0,"179":0,"180":0,"181":0,"182":0,"183":0,"184":0}},"/home/travis/build/npmtest/node-npmtest-steam-user/node_modules/steam-user/components/account.js":{"path":"/home/travis/build/npmtest/node-npmtest-steam-user/node_modules/steam-user/components/account.js","s":{"1":2,"2":0,"3":0,"4":0,"5":0,"6":0,"7":0,"8":0,"9":0,"10":0,"11":0,"12":0,"13":0,"14":0,"15":0,"16":0,"17":0,"18":0,"19":0,"20":0,"21":0,"22":0,"23":0,"24":0,"25":0,"26":0,"27":0,"28":0,"29":0,"30":0,"31":0,"32":0,"33":0,"34":0,"35":0,"36":0,"37":0,"38":0,"39":0,"40":0,"41":0,"42":0,"43":0,"44":0,"45":0,"46":0,"47":0,"48":0,"49":0,"50":0,"51":0,"52":0,"53":0,"54":0,"55":0,"56":0,"57":0,"58":0,"59":0,"60":0,"61":0,"62":0,"63":0,"64":0,"65":0,"66":0,"67":0,"68":0,"69":0,"70":0,"71":0,"72":0,"73":0,"74":0,"75":0,"76":0,"77":0,"78":0,"79":0,"80":0,"81":0,"82":0,"83":0,"84":0,"85":0,"86":0,"87":0,"88":0,"89":0,"90":0,"91":0,"92":0,"93":0,"94":0,"95":0,"96":0,"97":0,"98":0,"99":0,"100":0,"101":0,"102":0,"103":0,"104":0,"105":0,"106":0,"107":0,"108":0,"109":0,"110":0,"111":0,"112":0,"113":0,"114":0,"115":0,"116":0,"117":0,"118":0,"119":0,"120":0,"121":0,"122":0,"123":0,"124":0,"125":0,"126":0,"127":0,"128":0},"b":{"1":[0,0],"2":[0,0],"3":[0,0],"4":[0,0],"5":[0,0,0],"6":[0,0],"7":[0,0],"8":[0,0],"9":[0,0],"10":[0,0,0,0,0],"11":[0,0],"12":[0,0],"13":[0,0,0],"14":[0,0],"15":[0,0],"16":[0,0],"17":[0,0],"18":[0,0],"19":[0,0],"20":[0,0],"21":[0,0],"22":[0,0],"23":[0,0],"24":[0,0],"25":[0,0],"26":[0,0],"27":[0,0],"28":[0,0,0],"29":[0,0],"30":[0,0],"31":[0,0],"32":[0,0,0,0],"33":[0,0],"34":[0,0],"35":[0,0],"36":[0,0],"37":[0,0],"38":[0,0],"39":[0,0]},"f":{"1":0,"2":0,"3":0,"4":0,"5":0,"6":0,"7":0,"8":0,"9":0,"10":0,"11":0,"12":0,"13":0,"14":0,"15":0,"16":0,"17":0,"18":0,"19":0,"20":0,"21":0,"22":0,"23":0},"fnMap":{"1":{"name":"(anonymous_1)","line":7,"loc":{"start":{"line":7,"column":36},"end":{"line":7,"column":85}}},"2":{"name":"(anonymous_2)","line":18,"loc":{"start":{"line":18,"column":4},"end":{"line":18,"column":19}}},"3":{"name":"(anonymous_3)","line":23,"loc":{"start":{"line":23,"column":45},"end":{"line":23,"column":64}}},"4":{"name":"(anonymous_4)","line":26,"loc":{"start":{"line":26,"column":62},"end":{"line":26,"column":81}}},"5":{"name":"(anonymous_5)","line":35,"loc":{"start":{"line":35,"column":43},"end":{"line":35,"column":62}}},"6":{"name":"(anonymous_6)","line":36,"loc":{"start":{"line":36,"column":68},"end":{"line":36,"column":83}}},"7":{"name":"(anonymous_7)","line":65,"loc":{"start":{"line":65,"column":47},"end":{"line":65,"column":66}}},"8":{"name":"(anonymous_8)","line":66,"loc":{"start":{"line":66,"column":78},"end":{"line":66,"column":93}}},"9":{"name":"(anonymous_9)","line":73,"loc":{"start":{"line":73,"column":36},"end":{"line":73,"column":55}}},"10":{"name":"(anonymous_10)","line":74,"loc":{"start":{"line":74,"column":68},"end":{"line":74,"column":83}}},"11":{"name":"(anonymous_11)","line":91,"loc":{"start":{"line":91,"column":49},"end":{"line":91,"column":85}}},"12":{"name":"(anonymous_12)","line":100,"loc":{"start":{"line":100,"column":64},"end":{"line":100,"column":79}}},"13":{"name":"(anonymous_13)","line":109,"loc":{"start":{"line":109,"column":37},"end":{"line":109,"column":88}}},"14":{"name":"(anonymous_14)","line":116,"loc":{"start":{"line":116,"column":62},"end":{"line":116,"column":77}}},"15":{"name":"(anonymous_15)","line":125,"loc":{"start":{"line":125,"column":34},"end":{"line":125,"column":62}}},"16":{"name":"(anonymous_16)","line":135,"loc":{"start":{"line":135,"column":4},"end":{"line":135,"column":19}}},"17":{"name":"(anonymous_17)","line":151,"loc":{"start":{"line":151,"column":66},"end":{"line":151,"column":81}}},"18":{"name":"(anonymous_18)","line":181,"loc":{"start":{"line":181,"column":68},"end":{"line":181,"column":83}}},"19":{"name":"(anonymous_19)","line":189,"loc":{"start":{"line":189,"column":71},"end":{"line":189,"column":86}}},"20":{"name":"(anonymous_20)","line":199,"loc":{"start":{"line":199,"column":67},"end":{"line":199,"column":82}}},"21":{"name":"(anonymous_21)","line":232,"loc":{"start":{"line":232,"column":71},"end":{"line":232,"column":86}}},"22":{"name":"(anonymous_22)","line":245,"loc":{"start":{"line":245,"column":83},"end":{"line":245,"column":98}}},"23":{"name":"(anonymous_23)","line":250,"loc":{"start":{"line":250,"column":76},"end":{"line":250,"column":91}}}},"statementMap":{"1":{"start":{"line":1,"column":0},"end":{"line":1,"column":39}},"2":{"start":{"line":2,"column":0},"end":{"line":2,"column":38}},"3":{"start":{"line":3,"column":0},"end":{"line":3,"column":33}},"4":{"start":{"line":4,"column":0},"end":{"line":4,"column":39}},"5":{"start":{"line":5,"column":0},"end":{"line":5,"column":47}},"6":{"start":{"line":7,"column":0},"end":{"line":21,"column":2}},"7":{"start":{"line":8,"column":1},"end":{"line":11,"column":2}},"8":{"start":{"line":10,"column":2},"end":{"line":10,"column":26}},"9":{"start":{"line":13,"column":1},"end":{"line":20,"column":4}},"10":{"start":{"line":19,"column":2},"end":{"line":19,"column":85}},"11":{"start":{"line":23,"column":0},"end":{"line":33,"column":2}},"12":{"start":{"line":24,"column":1},"end":{"line":24,"column":56}},"13":{"start":{"line":25,"column":1},"end":{"line":25,"column":20}},"14":{"start":{"line":26,"column":1},"end":{"line":32,"column":4}},"15":{"start":{"line":27,"column":2},"end":{"line":29,"column":3}},"16":{"start":{"line":28,"column":3},"end":{"line":28,"column":10}},"17":{"start":{"line":31,"column":2},"end":{"line":31,"column":34}},"18":{"start":{"line":35,"column":0},"end":{"line":63,"column":2}},"19":{"start":{"line":36,"column":1},"end":{"line":62,"column":4}},"20":{"start":{"line":37,"column":2},"end":{"line":37,"column":22}},"21":{"start":{"line":38,"column":2},"end":{"line":38,"column":185}},"22":{"start":{"line":40,"column":2},"end":{"line":52,"column":3}},"23":{"start":{"line":41,"column":3},"end":{"line":41,"column":20}},"24":{"start":{"line":42,"column":9},"end":{"line":52,"column":3}},"25":{"start":{"line":43,"column":3},"end":{"line":43,"column":20}},"26":{"start":{"line":44,"column":9},"end":{"line":52,"column":3}},"27":{"start":{"line":51,"column":3},"end":{"line":51,"column":20}},"28":{"start":{"line":54,"column":2},"end":{"line":61,"column":4}},"29":{"start":{"line":65,"column":0},"end":{"line":71,"column":2}},"30":{"start":{"line":66,"column":1},"end":{"line":70,"column":4}},"31":{"start":{"line":67,"column":2},"end":{"line":69,"column":96}},"32":{"start":{"line":73,"column":0},"end":{"line":77,"column":2}},"33":{"start":{"line":74,"column":1},"end":{"line":76,"column":4}},"34":{"start":{"line":75,"column":2},"end":{"line":75,"column":51}},"35":{"start":{"line":91,"column":0},"end":{"line":107,"column":2}},"36":{"start":{"line":92,"column":1},"end":{"line":92,"column":34}},"37":{"start":{"line":93,"column":1},"end":{"line":93,"column":35}},"38":{"start":{"line":95,"column":1},"end":{"line":97,"column":2}},"39":{"start":{"line":96,"column":2},"end":{"line":96,"column":19}},"40":{"start":{"line":99,"column":1},"end":{"line":99,"column":20}},"41":{"start":{"line":100,"column":1},"end":{"line":106,"column":4}},"42":{"start":{"line":101,"column":2},"end":{"line":103,"column":3}},"43":{"start":{"line":102,"column":3},"end":{"line":102,"column":10}},"44":{"start":{"line":105,"column":2},"end":{"line":105,"column":52}},"45":{"start":{"line":109,"column":0},"end":{"line":123,"column":2}},"46":{"start":{"line":110,"column":1},"end":{"line":110,"column":123}},"47":{"start":{"line":111,"column":1},"end":{"line":111,"column":22}},"48":{"start":{"line":112,"column":1},"end":{"line":112,"column":31}},"49":{"start":{"line":113,"column":1},"end":{"line":113,"column":31}},"50":{"start":{"line":114,"column":1},"end":{"line":114,"column":24}},"51":{"start":{"line":116,"column":1},"end":{"line":122,"column":4}},"52":{"start":{"line":117,"column":2},"end":{"line":119,"column":3}},"53":{"start":{"line":118,"column":3},"end":{"line":118,"column":10}},"54":{"start":{"line":121,"column":2},"end":{"line":121,"column":52}},"55":{"start":{"line":125,"column":0},"end":{"line":147,"column":2}},"56":{"start":{"line":126,"column":1},"end":{"line":146,"column":4}},"57":{"start":{"line":136,"column":2},"end":{"line":138,"column":3}},"58":{"start":{"line":137,"column":3},"end":{"line":137,"column":10}},"59":{"start":{"line":140,"column":2},"end":{"line":143,"column":3}},"60":{"start":{"line":141,"column":3},"end":{"line":141,"column":48}},"61":{"start":{"line":142,"column":3},"end":{"line":142,"column":10}},"62":{"start":{"line":145,"column":2},"end":{"line":145,"column":43}},"63":{"start":{"line":151,"column":0},"end":{"line":179,"column":2}},"64":{"start":{"line":153,"column":1},"end":{"line":160,"column":3}},"65":{"start":{"line":162,"column":1},"end":{"line":175,"column":2}},"66":{"start":{"line":164,"column":2},"end":{"line":164,"column":32}},"67":{"start":{"line":165,"column":2},"end":{"line":170,"column":3}},"68":{"start":{"line":166,"column":3},"end":{"line":169,"column":4}},"69":{"start":{"line":167,"column":4},"end":{"line":167,"column":29}},"70":{"start":{"line":168,"column":4},"end":{"line":168,"column":10}},"71":{"start":{"line":172,"column":2},"end":{"line":174,"column":3}},"72":{"start":{"line":173,"column":3},"end":{"line":173,"column":10}},"73":{"start":{"line":177,"column":1},"end":{"line":177,"column":120}},"74":{"start":{"line":178,"column":1},"end":{"line":178,"column":25}},"75":{"start":{"line":181,"column":0},"end":{"line":187,"column":2}},"76":{"start":{"line":182,"column":1},"end":{"line":182,"column":69}},"77":{"start":{"line":183,"column":1},"end":{"line":186,"column":3}},"78":{"start":{"line":189,"column":0},"end":{"line":197,"column":2}},"79":{"start":{"line":190,"column":1},"end":{"line":190,"column":163}},"80":{"start":{"line":191,"column":1},"end":{"line":196,"column":3}},"81":{"start":{"line":199,"column":0},"end":{"line":230,"column":2}},"82":{"start":{"line":200,"column":1},"end":{"line":200,"column":30}},"83":{"start":{"line":202,"column":1},"end":{"line":202,"column":33}},"84":{"start":{"line":204,"column":1},"end":{"line":204,"column":29}},"85":{"start":{"line":205,"column":1},"end":{"line":221,"column":2}},"86":{"start":{"line":206,"column":2},"end":{"line":206,"column":33}},"87":{"start":{"line":207,"column":2},"end":{"line":207,"column":31}},"88":{"start":{"line":208,"column":2},"end":{"line":208,"column":15}},"89":{"start":{"line":210,"column":2},"end":{"line":214,"column":3}},"90":{"start":{"line":211,"column":3},"end":{"line":211,"column":16}},"91":{"start":{"line":212,"column":3},"end":{"line":212,"column":25}},"92":{"start":{"line":213,"column":3},"end":{"line":213,"column":18}},"93":{"start":{"line":216,"column":2},"end":{"line":216,"column":38}},"94":{"start":{"line":218,"column":2},"end":{"line":220,"column":3}},"95":{"start":{"line":219,"column":3},"end":{"line":219,"column":18}},"96":{"start":{"line":223,"column":1},"end":{"line":223,"column":47}},"97":{"start":{"line":225,"column":1},"end":{"line":229,"column":3}},"98":{"start":{"line":232,"column":0},"end":{"line":243,"column":2}},"99":{"start":{"line":233,"column":1},"end":{"line":235,"column":2}},"100":{"start":{"line":234,"column":2},"end":{"line":234,"column":9}},"101":{"start":{"line":237,"column":1},"end":{"line":237,"column":73}},"102":{"start":{"line":238,"column":1},"end":{"lin
[...]
mous_1)","line":8,"loc":{"start":{"line":8,"column":91},"end":{"line":8,"column":106}}},"2":{"name":"(anonymous_2)","line":15,"loc":{"start":{"line":15,"column":14},"end":{"line":15,"column":29}}},"3":{"name":"(anonymous_3)","line":22,"loc":{"start":{"line":22,"column":30},"end":{"line":22,"column":53}}},"4":{"name":"(anonymous_4)","line":25,"loc":{"start":{"line":25,"column":36},"end":{"line":25,"column":51}}},"5":{"name":"(anonymous_5)","line":56,"loc":{"start":{"line":56,"column":33},"end":{"line":56,"column":47}}},"6":{"name":"(anonymous_6)","line":63,"loc":{"start":{"line":63,"column":33},"end":{"line":63,"column":52}}},"7":{"name":"(anonymous_7)","line":69,"loc":{"start":{"line":69,"column":35},"end":{"line":69,"column":56}}},"8":{"name":"(anonymous_8)","line":80,"loc":{"start":{"line":80,"column":41},"end":{"line":80,"column":55}}},"9":{"name":"(anonymous_9)","line":99,"loc":{"start":{"line":99,"column":39},"end":{"line":99,"column":54}}},"10":{"name":"download","line":125,"loc":{"start":{"line":125,"column":0},"end":{"line":125,"column":33}}},"11":{"name":"(anonymous_11)","line":132,"loc":{"start":{"line":132,"column":35},"end":{"line":132,"column":49}}},"12":{"name":"(anonymous_12)","line":134,"loc":{"start":{"line":134,"column":17},"end":{"line":134,"column":33}}},"13":{"name":"(anonymous_13)","line":138,"loc":{"start":{"line":138,"column":16},"end":{"line":138,"column":27}}}},"statementMap":{"1":{"start":{"line":2,"column":0},"end":{"line":4,"column":1}},"2":{"start":{"line":3,"column":1},"end":{"line":3,"column":50}},"3":{"start":{"line":6,"column":0},"end":{"line":6,"column":190}},"4":{"start":{"line":8,"column":0},"end":{"line":122,"column":3}},"5":{"start":{"line":9,"column":1},"end":{"line":9,"column":29}},"6":{"start":{"line":10,"column":1},"end":{"line":12,"column":2}},"7":{"start":{"line":11,"column":2},"end":{"line":11,"column":49}},"8":{"start":{"line":14,"column":1},"end":{"line":14,"column":24}},"9":{"start":{"line":15,"column":1},"end":{"line":121,"column":4}},"10":{"start":{"line":16,"column":2},"end":{"line":18,"column":3}},"11":{"start":{"line":17,"column":3},"end":{"line":17,"column":10}},"12":{"start":{"line":20,"column":2},"end":{"line":20,"column":19}},"13":{"start":{"line":22,"column":2},"end":{"line":120,"column":5}},"14":{"start":{"line":24,"column":3},"end":{"line":24,"column":26}},"15":{"start":{"line":25,"column":3},"end":{"line":119,"column":6}},"16":{"start":{"line":26,"column":4},"end":{"line":26,"column":23}},"17":{"start":{"line":27,"column":4},"end":{"line":27,"column":33}},"18":{"start":{"line":28,"column":4},"end":{"line":30,"column":5}},"19":{"start":{"line":29,"column":5},"end":{"line":29,"column":42}},"20":{"start":{"line":32,"column":4},"end":{"line":32,"column":14}},"21":{"start":{"line":33,"column":4},"end":{"line":118,"column":5}},"22":{"start":{"line":35,"column":5},"end":{"line":38,"column":6}},"23":{"start":{"line":37,"column":6},"end":{"line":37,"column":29}},"24":{"start":{"line":39,"column":11},"end":{"line":118,"column":5}},"25":{"start":{"line":40,"column":5},"end":{"line":49,"column":6}},"26":{"start":{"line":41,"column":6},"end":{"line":41,"column":100}},"27":{"start":{"line":44,"column":6},"end":{"line":48,"column":8}},"28":{"start":{"line":51,"column":5},"end":{"line":117,"column":6}},"29":{"start":{"line":52,"column":6},"end":{"line":52,"column":63}},"30":{"start":{"line":54,"column":6},"end":{"line":54,"column":85}},"31":{"start":{"line":56,"column":6},"end":{"line":58,"column":9}},"32":{"start":{"line":57,"column":7},"end":{"line":57,"column":118}},"33":{"start":{"line":60,"column":6},"end":{"line":60,"column":63}},"34":{"start":{"line":63,"column":6},"end":{"line":74,"column":9}},"35":{"start":{"line":64,"column":7},"end":{"line":66,"column":8}},"36":{"start":{"line":65,"column":8},"end":{"line":65,"column":15}},"37":{"start":{"line":69,"column":7},"end":{"line":71,"column":8}},"38":{"start":{"line":69,"column":58},"end":{"line":69,"column":103}},"39":{"start":{"line":70,"column":8},"end":{"line":70,"column":15}},"40":{"start":{"line":73,"column":7},"end":{"line":73,"column":66}},"41":{"start":{"line":76,"column":6},"end":{"line":76,"column":21}},"42":{"start":{"line":78,"column":6},"end":{"line":83,"column":7}},"43":{"start":{"line":79,"column":7},"end":{"line":79,"column":20}},"44":{"start":{"line":80,"column":7},"end":{"line":82,"column":10}},"45":{"start":{"line":81,"column":8},"end":{"line":81,"column":129}},"46":{"start":{"line":85,"column":6},"end":{"line":85,"column":89}},"47":{"start":{"line":86,"column":6},"end":{"line":86,"column":160}},"48":{"start":{"line":87,"column":6},"end":{"line":87,"column":25}},"49":{"start":{"line":88,"column":12},"end":{"line":117,"column":6}},"50":{"start":{"line":89,"column":6},"end":{"line":89,"column":26}},"51":{"start":{"line":90,"column":6},"end":{"line":90,"column":27}},"52":{"start":{"line":91,"column":6},"end":{"line":91,"column":29}},"53":{"start":{"line":93,"column":6},"end":{"line":95,"column":7}},"54":{"start":{"line":94,"column":7},"end":{"line":94,"column":59}},"55":{"start":{"line":97,"column":6},"end":{"line":97,"column":28}},"56":{"start":{"line":99,"column":6},"end":{"line":108,"column":9}},"57":{"start":{"line":100,"column":7},"end":{"line":100,"column":26}},"58":{"start":{"line":102,"column":7},"end":{"line":107,"column":8}},"59":{"start":{"line":103,"column":8},"end":{"line":103,"column":20}},"60":{"start":{"line":105,"column":8},"end":{"line":105,"column":25}},"61":{"start":{"line":106,"column":8},"end":{"line":106,"column":40}},"62":{"start":{"line":110,"column":6},"end":{"line":110,"column":32}},"63":{"start":{"line":112,"column":6},"end":{"line":116,"column":9}},"64":{"start":{"line":125,"column":0},"end":{"line":142,"column":1}},"65":{"start":{"line":126,"column":1},"end":{"line":126,"column":41}},"66":{"start":{"line":127,"column":1},"end":{"line":127,"column":39}},"67":{"start":{"line":128,"column":1},"end":{"line":128,"column":65}},"68":{"start":{"line":129,"column":1},"end":{"line":129,"column":24}},"69":{"start":{"line":132,"column":1},"end":{"line":141,"column":10}},"70":{"start":{"line":133,"column":2},"end":{"line":133,"column":16}},"71":{"start":{"line":134,"column":2},"end":{"line":136,"column":5}},"72":{"start":{"line":135,"column":3},"end":{"line":135,"column":17}},"73":{"start":{"line":138,"column":2},"end":{"line":140,"column":5}},"74":{"start":{"line":139,"column":3},"end":{"line":139,"column":18}}},"branchMap":{"1":{"line":2,"type":"if","locations":[{"start":{"line":2,"column":0},"end":{"line":2,"column":0}},{"start":{"line":2,"column":0},"end":{"line":2,"column":0}}]},"2":{"line":10,"type":"if","locations":[{"start":{"line":10,"column":1},"end":{"line":10,"column":1}},{"start":{"line":10,"column":1},"end":{"line":10,"column":1}}]},"3":{"line":16,"type":"if","locations":[{"start":{"line":16,"column":2},"end":{"line":16,"column":2}},{"start":{"line":16,"column":2},"end":{"line":16,"column":2}}]},"4":{"line":28,"type":"if","locations":[{"start":{"line":28,"column":4},"end":{"line":28,"column":4}},{"start":{"line":28,"column":4},"end":{"line":28,"column":4}}]},"5":{"line":33,"type":"if","locations":[{"start":{"line":33,"column":4},"end":{"line":33,"column":4}},{"start":{"line":33,"column":4},"end":{"line":33,"column":4}}]},"6":{"line":35,"type":"if","locations":[{"start":{"line":35,"column":5},"end":{"line":35,"column":5}},{"start":{"line":35,"column":5},"end":{"line":35,"column":5}}]},"7":{"line":39,"type":"if","locations":[{"start":{"line":39,"column":11},"end":{"line":39,"column":11}},{"start":{"line":39,"column":11},"end":{"line":39,"column":11}}]},"8":{"line":40,"type":"if","locations":[{"start":{"line":40,"column":5},"end":{"line":40,"column":5}},{"start":{"line":40,"column":5},"end":{"line":40,"column":5}}]},"9":{"line":51,"type":"if","locations":[{"start":{"line":51,"column":5},"end":{"line":51,"column":5}},{"start":{"line":51,"column":5},"end":{"line":51,"column":5}}]},"10":{"line":57,"type":"cond-expr","locations":[{"start":{"line":57,"column":77},"end":{"line":57,"column":104}},{"start":{"line":57,"column":107},"end":{"line":57,"column":109}}]},"11":{"line":64,"type":"if","locations":[{"start":{"line":64,"column":7},"end":{"line":64,"column":7}},{"start":{"line":64,"column":7},"end":{"line":64,"column":7}}]},"12":{"line":69,"type":"if","locations":[{"start":{"line":69,"column":7},"end":{"line":69,"column":7}},{"start":{"line":69,"column":7},"end":{"line":69,"column":7}}]},"13":{"line":69,"type":"binary-expr","locations":[{"start":{"line":69,"column":65},"end":{"line":69,"column":88}},{"start":{"line":69,"column":92},"end":{"line":69,"column":102}}]},"14":{"line":78,"type":"if","locations":[{"start":{"line":78,"column":6},"end":{"line":78,"column":6}},{"start":{"line":78,"column":6},"end":{"line":78,"column":6}}]},"15":{"line":81,"type":"cond-expr","locations":[{"start":{"line":81,"column":88},"end":{"line":81,"column":115}},{"start":{"line":81,"column":118},"end":{"line":81,"column":120}}]},"16":{"line":88,"type":"if","locations":[{"start":{"line":88,"column":12},"end":{"line":88,"column":12}},{"start":{"line":88,"column":12},"end":{"line":88,"column":12}}]},"17":{"line":93,"type":"if","locations":[{"start":{"line":93,"column":6},"end":{"line":93,"column":6}},{"start":{"line":93,"column":6},"end":{"line":93,"column":6}}]},"18":{"line":102,"type":"if","locations":[{"start":{"line":102,"column":7},"end":{"line":102,"column":7}},{"start":{"line":102,"column":7},"end":{"line":102,"column":7}}]},"19":{"line":112,"type":"cond-expr","locations":[{"start":{"line":112,"column":19},"end":{"line":112,"column":44}},{"start":{"line":112,"column":47},"end":{"line":112,"column":65}}]}},"code":["// Generate enums","if (!require('fs').existsSync(__dirname + '/../enums')) {","\trequire('fs').mkdirSync(__dirname + '/../enums');","}","","require('fs').writeFile(__dirname + '/../resources/enums.js', \"// Auto-generated by generate-enums script on \" + (new Date()).toString() + \"\\n\\nvar SteamUser = require('../index.js');\\n\\n\");","","download(\"https://api.github.com/repos/SteamRE/SteamKit/contents/Resources/SteamLanguage\", function(data) {","\tvar json = JSON.parse(data);","\tif (!json.length) {","\t\tthrow new Error(\"Cannot get data from GitHub\");","\t}","","\tvar remainingFiles = 0;","\tjson.forEach(function(file) {","\t\tif (!file.name.match(/\\.steamd$/)) {","\t\t\treturn;","\t\t}","","\t\tremainingFiles++;","\t\t// Get the download URL from the github API","\t\tdownload(file.download_url, function(fileContents) {","\t\t\t// This parser isn't terribly robust, but it works as long as SteamRE doesn't change their resource format","\t\t\tvar currentEnum = null;","\t\t\tfileContents.split(\"\\n\").forEach(function(line) {","\t\t\t\tline = line.trim();","\t\t\t\tvar idx = line.indexOf(\"//\");","\t\t\t\tif (idx != -1) {","\t\t\t\t\tline = line.substring(0, idx).trim();","\t\t\t\t}","","\t\t\t\tvar match;","\t\t\t\tif (!currentEnum) {","\t\t\t\t\t// We're not currently parsing any enum. Is this the opening of one?","\t\t\t\t\tif (match = line.match(/^enum (E[a-zA-Z0-9]+)(<[a-z]+>)?( flags)?/)) {","\t\t\t\t\t\t// Okay, this is an enum assuming the next line is a bracket","\t\t\t\t\t\tcurrentEnum = match[1];","\t\t\t\t\t}","\t\t\t\t} else if (typeof currentEnum === 'string') {","\t\t\t\t\tif (line != \"{\") {","\t\t\t\t\t\tthrow new Error(\"Syntax error parsing \" + file.name + \", bad token following \" + currentEnum);","\t\t\t\t\t} else {","\t\t\t\t\t\t// Okay now we're *really* parsing this enum","\t\t\t\t\t\tcurrentEnum = {","\t\t\t\t\t\t\t\"name\": currentEnum,","\t\t\t\t\t\t\t\"values\": [],","\t\t\t\t\t\t\t\"dynamicValues\": []","\t\t\t\t\t\t};","\t\t\t\t\t}","\t\t\t\t} else {","\t\t\t\t\tif (line.match(/^};?$/)) {","\t\t\t\t\t\tconsole.log(\"Generating \" + currentEnum.name + \".js...\");","\t\t\t\t\t\t// We're done parsing this enum, let's go ahead and generate the file","\t\t\t\t\t\tvar file = \"/**\\n * @enum \" + currentEnum.name + \"\\n */\\nmodule.exports = {\\n\";","","\t\t\t\t\t\tcurrentEnum.values.forEach(function(val) {","\t\t\t\t\t\t\tfile += \"\\t\\\"\" + val.name + \"\\\": \" + val.value + \",\" + (val.comment ? \" // \" + val.comment.trim() : \"\") + \"\\n\";","\t\t\t\t\t\t});","","\t\t\t\t\t\tfile += \"\\n\\t// Value-to-name mapping for convenience\\n\";","","\t\t\t\t\t\t// Put down the reverse, for simplicity in use","\t\t\t\t\t\tcurrentEnum.values.forEach(function(val, idx) {","\t\t\t\t\t\t\tif (!val.value.match(/^-?[0-9]+/)) {","\t\t\t\t\t\t\t\treturn; // it's dynamic","\t\t\t\t\t\t\t}","","\t\t\t\t\t\t\t// Is this the last value in this enum with this value?","\t\t\t\t\t\t\tif (currentEnum.values.some(function(val2, idx2) { return val2.value == val.value && idx2 > idx; })) {","\t\t\t\t\t\t\t\treturn;","\t\t\t\t\t\t\t}","","\t\t\t\t\t\t\tfile += \"\\t\\\"\" + val.value + \"\\\": \\\"\" + val.name + \"\\\",\\n\";","\t\t\t\t\t\t});","","\t\t\t\t\t\tfile += \"};\\n\";","","\t\t\t\t\t\tif (currentEnum.dynamicValues.length > 0) {","\t\t\t\t\t\t\tfile += \"\\n\";","\t\t\t\t\t\t\tcurrentEnum.dynamicValues.forEach(function(val) {","\t\t\t\t\t\t\t\tfile += \"module.exports.\" + val.name + \" = \" + val.value + \";\" + (val.comment ? \" // \" + val.comment.trim() : \"\") + \"\\n\";","\t\t\t\t\t\t\t});","\t\t\t\t\t\t}","","\t\t\t\t\t\trequire('fs').writeFile(__dirname + '/../enums/' + currentEnum.name + '.js', file);","\t\t\t\t\t\trequire('fs').appendFile(__dirname + '/../resources/enums.js', \"SteamUser.\" + currentEnum.name + \" = require('../enums/\" + currentEnum.name + \".js');\\n\");","\t\t\t\t\t\tcurrentEnum = null;","\t\t\t\t\t} else if (match = line.match(/^([A-Za-z0-9_]+) = ([^;]+);(.*)$/)) {","\t\t\t\t\t\tvar name = match[1];","\t\t\t\t\t\tvar value = match[2];","\t\t\t\t\t\tvar comment = match[3];","","\t\t\t\t\t\tif (value.match(/^0x[0-9A-Fa-f]+$/)) {","\t\t\t\t\t\t\tvalue = parseInt(value.substring(2), 16).toString();","\t\t\t\t\t\t}","","\t\t\t\t\t\tvar isDynamic = false;","","\t\t\t\t\t\tvar flags = value.split('|').map(function(flag) {","\t\t\t\t\t\t\tflag = flag.trim();","","\t\t\t\t\t\t\tif (flag.match(/^-?[0-9]+$/)) {","\t\t\t\t\t\t\t\treturn flag;","\t\t\t\t\t\t\t} else {","\t\t\t\t\t\t\t\tisDynamic = true;","\t\t\t\t\t\t\t\treturn 'module.exports.' + flag;","\t\t\t\t\t\t\t}","\t\t\t\t\t\t});","","\t\t\t\t\t\tvalue = flags.join(' | ');","","\t\t\t\t\t\t(isDynamic ? currentEnum.dynamicValues : currentEnum.values).push({","\t\t\t\t\t\t\t\"name\": name,","\t\t\t\t\t\t\t\"value\": value,","\t\t\t\t\t\t\t\"comment\": comment","\t\t\t\t\t\t});","\t\t\t\t\t}","\t\t\t\t}","\t\t\t});","\t\t});","\t});","});","","// Helper functions","function download(url, callback) {","\tvar reqData = require('url').parse(url);","\treqData.servername = reqData.hostname;","\treqData.headers = {\"User-Agent\": \"node-steam-user data parser\"};","\treqData.method = \"GET\";","","\t// This will crash if there's an error. But that's fine.","\trequire('https').request(reqData, function(res) {","\t\tvar data = \"\";","\t\tres.on('data', function(chunk) {","\t\t\tdata += chunk;","\t\t});","","\t\tres.on('end', function() {","\t\t\tcallback(data);","\t\t});","\t}).end();","}",""],"l":{"2":2,"3":0,"6":2,"8":2,"9":0,"10":0,"11":0,"14":0,"15":0,"16":0,"17":0,"20":0,"22":0,"24":0,"25":0,"26":0,"27":0,"28":0,"29":0,"32":0,"33":0,"35":0,"37":0,"39":0,"40":0,"41":0,"44":0,"51":0,"52":0,"54":0,"56":0,"57":0,"60":0,"63":0,"64":0,"65":0,"69":0,"70":0,"73":0,"76":0,"78":0,"79":0,"80":0,"81":0,"85":0,"86":0,"87":0,"88":0,"89":0,"90":0,"91":0,"93":0,"94":0,"97":0,"99":0,"100":0,"102":0,"103":0,"105":0,"106":0,"110":0,"112":0,"125":1,"126":2,"127":2,"128":2,"129":2,"132":2,"133":0,"134":0,"135":0,"138":0,"139":0}},"/home/travis/build/npmtest/node-npmtest-steam-user/node_modules/steam-user/scripts/prepublish.js":{"path":"/home/travis/build/npmtest/node-npmtest-steam-user/node_modules/steam-user/scripts/prepublish.js","s":{"1":2,"2":0,"3":0,"4":0,"5":0,"6":0,"7":0,"8":0,"9":0,"10":1,"11":2,"12":2,"13":2,"14":2,"15":2,"16":0,"17":0,"18":0,"19":0,"20":0},"b":{"1":[0,0],"2":[0,0]},"f":{"1":0,"2":0,"3":2,"4":0,"5":0,"6":0},"fnMap":{"1":{"name":"(anonymous_1)","line":4,"loc":{"start":{"line":4,"column":92},"end":{"line":4,"column":107}}},"2":{"name":"(anonymous_2)","line":11,"loc":{"start":{"line":11,"column":44},"end":{"line":11,"column":61}}},"3":{"name":"download","line":25,"loc":{"start":{"line":25,"column":0},"end":{"line":25,"column":33}}},"4":{"name":"(anonymous_4)","line":32,"loc":{"start":{"line":32,"column":35},"end":{"line":32,"column":49}}},"5":{"name":"(anonymous_5)","line":34,"loc":{"start":{"line":34,"column":17},"end":{"line":34,"column":33}}},"6":{"name":"(anonymous_6)","line":38,"loc":{"start":{"line":38,"column":16},"end":{"line":38,"column":27}}}},"statementMap":{"1":{"start":{"line":4,"column":0},"end":{"line":21,"column":3}},"2":{"start":{"line":5,"column":1},"end":{"line":5,"column":29}},"3":{"start":{"line":7,"column":1},"end":{"line":9,"column":2}},"4":{"start":{"line":8,"column":2},"end":{"line":8,"column":40}},"5":{"start":{"line":11,"column":1},"end":{"line":17,"column":4}},"6":{"start":{"line":12,"column":2},"end":{"line":12,"column":32}},"7":{"start":{"line":13,"column":2},"end":{"line":16,"column":4}},"8":{"start":{"line":19,"column":1},"end":{"line":19,"column":67}},"9":{"start":{"line":20,"column":1},"end":{"line":20,"column":108}},"10":{"start":{"line":25,"column":0},"end":{"line":42,"column":1}},"11":{"start":{"line":26,"column":1},"end":{"line":26,"column":41}},"12":{"start":{"line":27,"column":1},"end":{"line":27,"column":39}},"13":{"start":{"line":28,"column":1},"end":{"line":28,"column":65}},"14":{"start":{"line":29,"column":1},"end":{"line":29,"column":24}},"15":{"start":{"line":32,"column":1},"end":{"line":41,"column":10}},"16":{"start":{"line":33,"column":2},"end":{"line":33,"column":16}},"17":{"start":{"line":34,"column":2},"end":{"line":36,"column":5}},"18":{"start":{"line":35,"column":3},"end":{"line":35,"column":17}},"19":{"start":{"line":38,"column":2},"end":{"line":40,"column":5}},"20":{"start":{"line":39,"column":3},"end":{"line":39,"column":18}}},"branchMap":{"1":{"line":7,"type":"if","locations":[{"start":{"line":7,"column":1},"end":{"line":7,"column":1}},{"start":{"line":7,"column":1},"end":{"line":7,"column":1}}]},"2":{"line":7,"type":"binary-expr","locations":[{"start":{"line":7,"column":5},"end":{"line":7,"column":19}},{"start":{"line":7,"column":23},"end":{"line":7,"column":48}}]}},"code":["// This file is run by npm prior to the package being published to the registry","","// Update the CM list","download(\"https://api.steampowered.com/ISteamDirectory/GetCMList/v1/?format=json&cellid=0\", function(data) {","\tvar json = JSON.parse(data);","","\tif (!json.response || json.response.result != 1) {","\t\tthrow new Error(\"Cannot get CM list\");","\t}","","\tvar servers = json.response.serverlist.map(function(server) {","\t\tvar parts = server.split(':');","\t\treturn {","\t\t\t\"host\": parts[0],","\t\t\t\"port\": parseInt(parts[1], 10)","\t\t};","\t});","","\tconsole.log(\"Got list of \" + servers.length + \" CMs from WebAPI\");","\trequire('fs').writeFileSync(__dirname + '/../resources/servers.json', JSON.stringify(servers, null, \"\\t\"));","});","","","// Helper functions","function download(url, callback) {","\tvar reqData = require('url').parse(url);","\treqData.servername = reqData.hostname;","\treqData.headers = {\"User-Agent\": \"node-steam-user data parser\"};","\treqData.method = \"GET\";","","\t// This will crash if there's an error. But that's fine.","\trequire('https').request(reqData, function(res) {","\t\tvar data = \"\";","\t\tres.on('data', function(chunk) {","\t\t\tdata += chunk;","\t\t});","","\t\tres.on('end', function() {","\t\t\tcallback(data);","\t\t});","\t}).end();","}",""],"l":{"4":2,"5":0,"7":0,"8":0,"11":0,"12":0,"13":0,"19":0,"20":0,"25":1,"26":2,"27":2,"28":2,"29":2,"32":2,"33":0,"34":0,"35":0,"38":0,"39":0}}}